Namespace(file='data_vis_test10.txt')
***************************  Source ID 1 ***************************
***************************  Source ID 2 ***************************
 time entering irf 2025/1/1 22:06:28
 time leaving irf 2025/1/1 22:28:26
2025/1/1 22:07:00  JD 2460677.421527778  ALT [deg]:  -0.09639365934359659  AZ [deg]: 273.79029121973883  Time inside window [0,-5deg] in min: 21.97755745262839  MoonPhase: 0.04687560081481933
 time entering irf 2025/1/1 22:06:28
 time leaving irf 2025/1/1 22:28:26
2025/1/1 22:08:00  JD 2460677.422222222  ALT [deg]:  -0.2735836807721103  AZ [deg]: 273.9111309265347  Time inside window [0,-5deg] in min: 21.97755775647238  MoonPhase: 0.04690722942352295
 time entering irf 2025/1/1 22:06:28
 time leaving irf 2025/1/1 22:28:26
2025/1/1 22:09:00  JD 2460677.4229166666  ALT [deg]:  -0.4472350238803227  AZ [deg]: 274.03202527484393  Time inside window [0,-5deg] in min: 21.977557892678306  MoonPhase: 0.04693886756896973
 time entering irf 2025/1/1 22:06:28
 time leaving irf 2025/1/1 22:28:26
2025/1/1 22:10:00  JD 2460677.423611111  ALT [deg]:  -0.6172406201169086  AZ [deg]: 274.1529742646665  Time inside window [0,-5deg] in min: 21.977557505015284  MoonPhase: 0.04697051525115967
 time entering irf 2025/1/1 22:06:28
 time leaving irf 2025/1/1 22:28:26
2025/1/1 22:11:00  JD 2460677.4243055554  ALT [deg]:  -0.7835267514635994  AZ [deg]: 274.2740052167592  Time inside window [0,-5deg] in min: 21.977557997452095  MoonPhase: 0.04700217723846436
 time entering irf 2025/1/1 22:06:28
 time leaving irf 2025/1/1 22:28:26
2025/1/1 22:12:00  JD 2460677.425  ALT [deg]:  -0.9461644412155927  AZ [deg]: 274.3951181311218  Time inside window [0,-5deg] in min: 21.977558175567538  MoonPhase: 0.04703384399414062
 time entering irf 2025/1/1 22:06:28
 time leaving irf 2025/1/1 22:28:26
2025/1/1 22:13:00  JD 2460677.425694444  ALT [deg]:  -1.1052754054783323  AZ [deg]: 274.51628568699783  Time inside window [0,-5deg] in min: 21.97755825938657  MoonPhase: 0.047065529823303226
 time entering irf 2025/1/1 22:06:28
 time leaving irf 2025/1/1 22:28:26
2025/1/1 22:14:00  JD 2460677.426388889  ALT [deg]:  -1.261118977996867  AZ [deg]: 274.6375625259006  Time inside window [0,-5deg] in min: 21.977557096397504  MoonPhase: 0.0470972204208374
 time entering irf 2025/1/1 22:06:28
 time leaving irf 2025/1/1 22:28:26
2025/1/1 22:15:00  JD 2460677.4270833335  ALT [deg]:  -1.414096965993464  AZ [deg]: 274.7589213270734  Time inside window [0,-5deg] in min: 21.977547582937405  MoonPhase: 0.04712892532348633
 time entering irf 2025/1/1 22:06:28
 time leaving irf 2025/1/1 22:28:26
2025/1/1 22:16:00  JD 2460677.427777778  ALT [deg]:  -1.5648251537104823  AZ [deg]: 274.8803620905162  Time inside window [0,-5deg] in min: 21.977551229065284  MoonPhase: 0.04716063976287842
 time entering irf 2025/1/1 22:06:28
 time leaving irf 2025/1/1 22:28:26
2025/1/1 22:17:00  JD 2460677.4284722223  ALT [deg]:  -1.7141104639653353  AZ [deg]: 275.00188481622905  Time inside window [0,-5deg] in min: 21.977554738987237  MoonPhase: 0.04719236373901367
 time entering irf 2025/1/1 22:06:28
 time leaving irf 2025/1/1 22:28:26
2025/1/1 22:18:00  JD 2460677.4291666667  ALT [deg]:  -1.8631050642936398  AZ [deg]: 275.12351682496865  Time inside window [0,-5deg] in min: 21.977556080091745  MoonPhase: 0.04722409725189209
 time entering irf 2025/1/1 22:06:28
 time leaving irf 2025/1/1 22:28:26
2025/1/1 22:19:00  JD 2460677.429861111  ALT [deg]:  -2.01340060221542  AZ [deg]: 275.245258116735  Time inside window [0,-5deg] in min: 21.97755634202622  MoonPhase: 0.047255845069885255
 time entering irf 2025/1/1 22:06:28
 time leaving irf 2025/1/1 22:28:26
2025/1/1 22:20:00  JD 2460677.4305555555  ALT [deg]:  -2.1672879658669806  AZ [deg]: 275.3670813707713  Time inside window [0,-5deg] in min: 21.977556897327304  MoonPhase: 0.04728760242462158
 time entering irf 2025/1/1 22:06:28
 time leaving irf 2025/1/1 22:28:26
2025/1/1 22:21:00  JD 2460677.43125  ALT [deg]:  -2.328261010452195  AZ [deg]: 275.48901390783436  Time inside window [0,-5deg] in min: 21.977558007929474  MoonPhase: 0.047319374084472655
 time entering irf 2025/1/1 22:06:28
 time leaving irf 2025/1/1 22:28:26
2025/1/1 22:22:00  JD 2460677.4319444443  ALT [deg]:  -2.5020711821390367  AZ [deg]: 275.6110830486808  Time inside window [0,-5deg] in min: 21.977557620266452  MoonPhase: 0.0473511552810669
 time entering irf 2025/1/1 22:06:28
 time leaving irf 2025/1/1 22:28:26
2025/1/1 22:23:00  JD 2460677.4326388887  ALT [deg]:  -2.6995001479757823  AZ [deg]: 275.7332341517974  Time inside window [0,-5deg] in min: 21.977557316422462  MoonPhase: 0.04738294124603271
 time entering irf 2025/1/1 22:06:28
 time leaving irf 2025/1/1 22:28:26
2025/1/1 22:24:00  JD 2460677.433333333  ALT [deg]:  -2.94491290027916  AZ [deg]: 275.8555218586973  Time inside window [0,-5deg] in min: 21.977557693608105  MoonPhase: 0.04741474628448486
 time entering irf 2025/1/1 22:06:28
 time leaving irf 2025/1/1 22:28:26
2025/1/1 22:25:00  JD 2460677.434027778  ALT [deg]:  -3.3116071872403388  AZ [deg]: 275.9779461693806  Time inside window [0,-5deg] in min: 21.977558605140075  MoonPhase: 0.047446556091308593
 time entering irf 2025/1/1 22:06:28
 time leaving irf 2025/1/1 22:28:26
2025/1/1 22:26:00  JD 2460677.4347222224  ALT [deg]:  -3.9337676246329196  AZ [deg]: 276.1004797630906  Time inside window [0,-5deg] in min: 21.9775648182258  MoonPhase: 0.04747838020324707
 time entering irf 2025/1/1 22:06:28
 time leaving irf 2025/1/1 22:28:26
2025/1/1 22:27:00  JD 2460677.435416667  ALT [deg]:  -4.464585594377392  AZ [deg]: 276.223149960584  Time inside window [0,-5deg] in min: 21.977565467823297  MoonPhase: 0.04751021385192871
 time entering irf 2025/1/1 22:06:28
 time leaving irf 2025/1/1 22:28:26
2025/1/1 22:28:00  JD 2460677.436111111  ALT [deg]:  -4.851442386325037  AZ [deg]: 276.3459294411042  Time inside window [0,-5deg] in min: 21.97756673558615  MoonPhase: 0.047542061805725094
 time entering irf 2025/1/2 22:02:32
 time leaving irf 2025/1/2 22:24:31
2025/1/2 22:03:00  JD 2460678.41875  ALT [deg]:  -0.0842189872202877  AZ [deg]: 273.7820403512215  Time inside window [0,-5deg] in min: 21.977555797202513  MoonPhase: 0.10324726104736329
 time entering irf 2025/1/2 22:02:32
 time leaving irf 2025/1/2 22:24:31
2025/1/2 22:04:00  JD 2460678.4194444446  ALT [deg]:  -0.261644510102928  AZ [deg]: 273.90288005801733  Time inside window [0,-5deg] in min: 21.977556006750092  MoonPhase: 0.10329391479492188
 time entering irf 2025/1/2 22:02:32
 time leaving irf 2025/1/2 22:24:31
2025/1/2 22:05:00  JD 2460678.420138889  ALT [deg]:  -0.4355405127216444  AZ [deg]: 274.0237470855699  Time inside window [0,-5deg] in min: 21.977556876372546  MoonPhase: 0.10334056854248047
 time entering irf 2025/1/2 22:02:32
 time leaving irf 2025/1/2 22:24:31
2025/1/2 22:06:00  JD 2460678.4208333334  ALT [deg]:  -0.605796264636582  AZ [deg]: 274.1447233961492  Time inside window [0,-5deg] in min: 21.977556090569124  MoonPhase: 0.1033872413635254
 time entering irf 2025/1/2 22:02:32
 time leaving irf 2025/1/2 22:24:31
2025/1/2 22:07:00  JD 2460678.421527778  ALT [deg]:  -0.7723345260131815  AZ [deg]: 274.26572702748507  Time inside window [0,-5deg] in min: 21.977556583005935  MoonPhase: 0.10343391418457032
 time entering irf 2025/1/2 22:02:32
 time leaving irf 2025/1/2 22:24:31
2025/1/2 22:08:00  JD 2460678.422222222  ALT [deg]:  -0.9352182092970011  AZ [deg]: 274.38683994184777  Time inside window [0,-5deg] in min: 21.977556090569124  MoonPhase: 0.10348060607910156
 time entering irf 2025/1/2 22:02:32
 time leaving irf 2025/1/2 22:24:31
2025/1/2 22:09:00  JD 2460678.4229166666  ALT [deg]:  -1.094562360486873  AZ [deg]: 274.5080074977238  Time inside window [0,-5deg] in min: 21.977556101046503  MoonPhase: 0.10352730751037598
 time entering irf 2025/1/2 22:02:32
 time leaving irf 2025/1/2 22:24:31
2025/1/2 22:10:00  JD 2460678.423611111  ALT [deg]:  -1.2506170285394436  AZ [deg]: 274.62928433662654  Time inside window [0,-5deg] in min: 21.977555849589407  MoonPhase: 0.10357401847839355
 time entering irf 2025/1/2 22:02:32
 time leaving irf 2025/1/2 22:24:31
2025/1/2 22:11:00  JD 2460678.4243055554  ALT [deg]:  -1.403775482940517  AZ [deg]: 274.7506158170426  Time inside window [0,-5deg] in min: 21.97754630469717  MoonPhase: 0.1036207389831543
 time entering irf 2025/1/2 22:02:32
 time leaving irf 2025/1/2 22:24:31
2025/1/2 22:12:00  JD 2460678.425  ALT [deg]:  -1.5546318434261788  AZ [deg]: 274.8720565804855  Time inside window [0,-5deg] in min: 21.977549615548924  MoonPhase: 0.10366745948791505
 time entering irf 2025/1/2 22:02:32
 time leaving irf 2025/1/2 22:24:31
2025/1/2 22:13:00  JD 2460678.425694444  ALT [deg]:  -1.703981933756441  AZ [deg]: 274.99357930619834  Time inside window [0,-5deg] in min: 21.97755308356136  MoonPhase: 0.10371419906616211
 time entering irf 2025/1/2 22:02:32
 time leaving irf 2025/1/2 22:24:31
2025/1/2 22:14:00  JD 2460678.426388889  ALT [deg]:  -1.8529526284226505  AZ [deg]: 275.11521131493794  Time inside window [0,-5deg] in min: 21.977553848410025  MoonPhase: 0.10376094818115235
 time entering irf 2025/1/2 22:02:32
 time leaving irf 2025/1/2 22:24:31
2025/1/2 22:15:00  JD 2460678.4270833335  ALT [deg]:  -2.003114123881969  AZ [deg]: 275.23692528594756  Time inside window [0,-5deg] in min: 21.977555870544165  MoonPhase: 0.10380770683288575
 time entering irf 2025/1/2 22:02:32
 time leaving irf 2025/1/2 22:24:31
2025/1/2 22:16:00  JD 2460678.427777778  ALT [deg]:  -2.156647384913747  AZ [deg]: 275.3587485399839  Time inside window [0,-5deg] in min: 21.977556562051177  MoonPhase: 0.1038544750213623
 time entering irf 2025/1/2 22:02:32
 time leaving irf 2025/1/2 22:24:31
2025/1/2 22:17:00  JD 2460678.4284722223  ALT [deg]:  -2.3169905579914394  AZ [deg]: 275.48068107704694  Time inside window [0,-5deg] in min: 21.977556918282062  MoonPhase: 0.10390125274658203
 time entering irf 2025/1/2 22:02:32
 time leaving irf 2025/1/2 22:24:31
2025/1/2 22:18:00  JD 2460678.4291666667  ALT [deg]:  -2.4896675586062935  AZ [deg]: 275.60275021789346  Time inside window [0,-5deg] in min: 21.977555849589407  MoonPhase: 0.10394804000854492
 time entering irf 2025/1/2 22:02:32
 time leaving irf 2025/1/2 22:24:31
2025/1/2 22:19:00  JD 2460678.429861111  ALT [deg]:  -2.684957821459179  AZ [deg]: 275.72490132100995  Time inside window [0,-5deg] in min: 21.97755664587021  MoonPhase: 0.10399484634399414
 time entering irf 2025/1/2 22:02:32
 time leaving irf 2025/1/2 22:24:31
2025/1/2 22:20:00  JD 2460678.4305555555  ALT [deg]:  -2.925730954325414  AZ [deg]: 275.84718902790985  Time inside window [0,-5deg] in min: 21.977556247729808  MoonPhase: 0.10404165267944336
 time entering irf 2025/1/2 22:02:32
 time leaving irf 2025/1/2 22:24:31
2025/1/2 22:21:00  JD 2460678.43125  ALT [deg]:  -3.2793861967176268  AZ [deg]: 275.9695860178365  Time inside window [0,-5deg] in min: 21.977556362980977  MoonPhase: 0.10408846855163574
 time entering irf 2025/1/2 22:02:32
 time leaving irf 2025/1/2 22:24:31
2025/1/2 22:22:00  JD 2460678.4319444443  ALT [deg]:  -3.889359442196789  AZ [deg]: 276.0920922907898  Time inside window [0,-5deg] in min: 21.977562366519123  MoonPhase: 0.10413529396057129
 time entering irf 2025/1/2 22:02:32
 time leaving irf 2025/1/2 22:24:31
2025/1/2 22:23:00  JD 2460678.4326388887  ALT [deg]:  -4.434487085139262  AZ [deg]: 276.21476248828327  Time inside window [0,-5deg] in min: 21.97756351903081  MoonPhase: 0.10418212890625
 time entering irf 2025/1/2 22:02:32
 time leaving irf 2025/1/2 22:24:31
2025/1/2 22:24:00  JD 2460678.433333333  ALT [deg]:  -4.827628504896964  AZ [deg]: 276.3375419688034  Time inside window [0,-5deg] in min: 21.977565101115033  MoonPhase: 0.10422898292541503
 time entering irf 2025/1/3 21:58:36
 time leaving irf 2025/1/3 22:20:35
2025/1/3 21:59:00  JD 2460679.415972222  ALT [deg]:  -0.0720294874499818  AZ [deg]: 273.7737894827041  Time inside window [0,-5deg] in min: 21.977555032353848  MoonPhase: 0.17989112854003905
 time entering irf 2025/1/3 21:58:36
 time leaving irf 2025/1/3 22:20:35
2025/1/3 22:00:00  JD 2460679.4166666665  ALT [deg]:  -0.2496897847451281  AZ [deg]: 273.8946018687433  Time inside window [0,-5deg] in min: 21.977554581826553  MoonPhase: 0.17995080947875977
 time entering irf 2025/1/3 21:58:36
 time leaving irf 2025/1/3 22:20:35
2025/1/3 22:01:00  JD 2460679.417361111  ALT [deg]:  -0.42382991326581954  AZ [deg]: 274.0154962170525  Time inside window [0,-5deg] in min: 21.9775547075551  MoonPhase: 0.18001052856445313
 time entering irf 2025/1/3 21:58:36
 time leaving irf 2025/1/3 22:20:35
2025/1/3 22:02:00  JD 2460679.418055556  ALT [deg]:  -0.5943355807352708  AZ [deg]: 274.13644520687507  Time inside window [0,-5deg] in min: 21.97755471803248  MoonPhase: 0.18007022857666016
 time entering irf 2025/1/3 21:58:36
 time leaving irf 2025/1/3 22:20:35
2025/1/3 22:03:00  JD 2460679.41875  ALT [deg]:  -0.761125972141779  AZ [deg]: 274.257448838211  Time inside window [0,-5deg] in min: 21.977555461926386  MoonPhase: 0.18012994766235352
 time entering irf 2025/1/3 21:58:36
 time leaving irf 2025/1/3 22:20:35
2025/1/3 22:04:00  JD 2460679.4194444446  ALT [deg]:  -0.9242562892876596  AZ [deg]: 274.3785617525737  Time inside window [0,-5deg] in min: 21.97755421511829  MoonPhase: 0.1801896858215332
 time entering irf 2025/1/3 21:58:36
 time leaving irf 2025/1/3 22:20:35
2025/1/3 22:05:00  JD 2460679.420138889  ALT [deg]:  -1.0838346946217219  AZ [deg]: 274.49972930844973  Time inside window [0,-5deg] in min: 21.97755543049425  MoonPhase: 0.1802494239807129
 time entering irf 2025/1/3 21:58:36
 time leaving irf 2025/1/3 22:20:35
2025/1/3 22:06:00  JD 2460679.4208333334  ALT [deg]:  -1.2401022724773263  AZ [deg]: 274.6209788265958  Time inside window [0,-5deg] in min: 21.977555252378806  MoonPhase: 0.18030916213989256
 time entering irf 2025/1/3 21:58:36
 time leaving irf 2025/1/3 22:20:35
2025/1/3 22:07:00  JD 2460679.421527778  ALT [deg]:  -1.393444074768932  AZ [deg]: 274.7423103070119  Time inside window [0,-5deg] in min: 21.977544209221378  MoonPhase: 0.18036891937255858
 time entering irf 2025/1/3 21:58:36
 time leaving irf 2025/1/3 22:20:35
2025/1/3 22:08:00  JD 2460679.422222222  ALT [deg]:  -1.5444320231178224  AZ [deg]: 274.8637510704547  Time inside window [0,-5deg] in min: 21.977548096328974  MoonPhase: 0.1804286766052246
 time entering irf 2025/1/3 21:58:36
 time leaving irf 2025/1/3 22:20:35
2025/1/3 22:09:00  JD 2460679.4229166666  ALT [deg]:  -1.693851909443666  AZ [deg]: 274.9852737961676  Time inside window [0,-5deg] in min: 21.97755056899041  MoonPhase: 0.18048845291137694
 time entering irf 2025/1/3 21:58:36
 time leaving irf 2025/1/3 22:20:35
2025/1/3 22:10:00  JD 2460679.423611111  ALT [deg]:  -1.8428059555237735  AZ [deg]: 275.1068784841505  Time inside window [0,-5deg] in min: 21.977552224416286  MoonPhase: 0.1805482292175293
 time entering irf 2025/1/3 21:58:36
 time leaving irf 2025/1/3 22:20:35
2025/1/3 22:11:00  JD 2460679.4243055554  ALT [deg]:  -1.9928216691329947  AZ [deg]: 275.22859245516014  Time inside window [0,-5deg] in min: 21.977554277982563  MoonPhase: 0.18060800552368164
 time entering irf 2025/1/3 21:58:36
 time leaving irf 2025/1/3 22:20:35
2025/1/3 22:12:00  JD 2460679.425  ALT [deg]:  -2.146038180142013  AZ [deg]: 275.35041570919645  Time inside window [0,-5deg] in min: 21.977554057957605  MoonPhase: 0.18066780090332032
 time entering irf 2025/1/3 21:58:36
 time leaving irf 2025/1/3 22:20:35
2025/1/3 22:13:00  JD 2460679.425694444  ALT [deg]:  -2.305776027704513  AZ [deg]: 275.47234824625957  Time inside window [0,-5deg] in min: 21.977554749464616  MoonPhase: 0.18072759628295898
 time entering irf 2025/1/3 21:58:36
 time leaving irf 2025/1/3 22:20:35
2025/1/3 22:14:00  JD 2460679.426388889  ALT [deg]:  -2.4773653206940427  AZ [deg]: 275.5943900663493  Time inside window [0,-5deg] in min: 21.977554875193164  MoonPhase: 0.18078741073608398
 time entering irf 2025/1/3 21:58:36
 time leaving irf 2025/1/3 22:20:35
2025/1/3 22:15:00  JD 2460679.4270833335  ALT [deg]:  -2.670613997315329  AZ [deg]: 275.71654116946587  Time inside window [0,-5deg] in min: 21.97755431989208  MoonPhase: 0.18084722518920898
 time entering irf 2025/1/3 21:58:36
 time leaving irf 2025/1/3 22:20:35
2025/1/3 22:16:00  JD 2460679.427777778  ALT [deg]:  -2.9070217855282796  AZ [deg]: 275.83880155560905  Time inside window [0,-5deg] in min: 21.977554938057438  MoonPhase: 0.1809070587158203
 time entering irf 2025/1/3 21:58:36
 time leaving irf 2025/1/3 22:20:35
2025/1/3 22:17:00  JD 2460679.4284722223  ALT [deg]:  -3.248592929174859  AZ [deg]: 275.9611985455357  Time inside window [0,-5deg] in min: 21.97755491710268  MoonPhase: 0.18096689224243165
 time entering irf 2025/1/3 21:58:36
 time leaving irf 2025/1/3 22:20:35
2025/1/3 22:18:00  JD 2460679.4291666667  ALT [deg]:  -3.8440586394135026  AZ [deg]: 276.08373213924574  Time inside window [0,-5deg] in min: 21.977561633102596  MoonPhase: 0.18102674484252929
 time entering irf 2025/1/3 21:58:36
 time leaving irf 2025/1/3 22:20:35
2025/1/3 22:19:00  JD 2460679.429861111  ALT [deg]:  -4.403725193777993  AZ [deg]: 276.2063750159825  Time inside window [0,-5deg] in min: 21.977561926469207  MoonPhase: 0.18108659744262695
 time entering irf 2025/1/3 21:58:36
 time leaving irf 2025/1/3 22:20:35
2025/1/3 22:20:00  JD 2460679.4305555555  ALT [deg]:  -4.803531170618336  AZ [deg]: 276.3291544965026  Time inside window [0,-5deg] in min: 21.97756423149258  MoonPhase: 0.18114645004272462
 time entering irf 2025/1/4 21:54:40
 time leaving irf 2025/1/4 22:16:39
2025/1/4 21:55:00  JD 2460680.4131944445  ALT [deg]:  -0.05982395274338224  AZ [deg]: 273.7655386141867  Time inside window [0,-5deg] in min: 21.977552926400676  MoonPhase: 0.2733022308349609
 time entering irf 2025/1/4 21:54:40
 time leaving irf 2025/1/4 22:16:39
2025/1/4 21:56:00  JD 2460680.413888889  ALT [deg]:  -0.237718277399094  AZ [deg]: 273.8863510002259  Time inside window [0,-5deg] in min: 21.9775537122041  MoonPhase: 0.27337209701538084
 time entering irf 2025/1/4 21:54:40
 time leaving irf 2025/1/4 22:16:39
2025/1/4 21:57:00  JD 2460680.4145833333  ALT [deg]:  -0.4121019982132316  AZ [deg]: 274.00721802777844  Time inside window [0,-5deg] in min: 21.97755279019475  MoonPhase: 0.2734419631958008
 time entering irf 2025/1/4 21:54:40
 time leaving irf 2025/1/4 22:16:39
2025/1/4 21:58:00  JD 2460680.4152777777  ALT [deg]:  -0.5828572877525058  AZ [deg]: 274.128167017601  Time inside window [0,-5deg] in min: 21.977553555043414  MoonPhase: 0.27351184844970705
 time entering irf 2025/1/4 21:54:40
 time leaving irf 2025/1/4 22:16:39
2025/1/4 21:59:00  JD 2460680.415972222  ALT [deg]:  -0.7499000226323341  AZ [deg]: 274.24917064893697  Time inside window [0,-5deg] in min: 21.977552811149508  MoonPhase: 0.2735817337036133
 time entering irf 2025/1/4 21:54:40
 time leaving irf 2025/1/4 22:16:39
2025/1/4 22:00:00  JD 2460680.4166666665  ALT [deg]:  -0.9132774005270987  AZ [deg]: 274.37025624254295  Time inside window [0,-5deg] in min: 21.977552842581645  MoonPhase: 0.27365161895751955
 time entering irf 2025/1/4 21:54:40
 time leaving irf 2025/1/4 22:16:39
2025/1/4 22:01:00  JD 2460680.417361111  ALT [deg]:  -1.0730912339441148  AZ [deg]: 274.491423798419  Time inside window [0,-5deg] in min: 21.977553733158857  MoonPhase: 0.2737215232849121
 time entering irf 2025/1/4 21:54:40
 time leaving irf 2025/1/4 22:16:39
2025/1/4 22:02:00  JD 2460680.418055556  ALT [deg]:  -1.2295735358717514  AZ [deg]: 274.61267331656506  Time inside window [0,-5deg] in min: 21.977553984615952  MoonPhase: 0.2737914276123047
 time entering irf 2025/1/4 21:54:40
 time leaving irf 2025/1/4 22:16:39
2025/1/4 22:03:00  JD 2460680.41875  ALT [deg]:  -1.3831013540965345  AZ [deg]: 274.73403211773785  Time inside window [0,-5deg] in min: 21.977542721433565  MoonPhase: 0.27386133193969725
 time entering irf 2025/1/4 21:54:40
 time leaving irf 2025/1/4 22:16:39
2025/1/4 22:04:00  JD 2460680.4194444446  ALT [deg]:  -1.53422451884665  AZ [deg]: 274.855445560424  Time inside window [0,-5deg] in min: 21.9775470381137  MoonPhase: 0.2739312362670898
 time entering irf 2025/1/4 21:54:40
 time leaving irf 2025/1/4 22:16:39
2025/1/4 22:05:00  JD 2460680.420138889  ALT [deg]:  -1.683718896923129  AZ [deg]: 274.97696828613687  Time inside window [0,-5deg] in min: 21.977549720322713  MoonPhase: 0.27400115966796873
 time entering irf 2025/1/4 21:54:40
 time leaving irf 2025/1/4 22:16:39
2025/1/4 22:06:00  JD 2460680.4208333334  ALT [deg]:  -1.8326635514931275  AZ [deg]: 275.09857297411975  Time inside window [0,-5deg] in min: 21.97755106142722  MoonPhase: 0.27407108306884764
 time entering irf 2025/1/4 21:54:40
 time leaving irf 2025/1/4 22:16:39
2025/1/4 22:07:00  JD 2460680.421527778  ALT [deg]:  -1.9825445823096528  AZ [deg]: 275.2202869451294  Time inside window [0,-5deg] in min: 21.97755257016979  MoonPhase: 0.2741410255432129
 time entering irf 2025/1/4 21:54:40
 time leaving irf 2025/1/4 22:16:39
2025/1/4 22:08:00  JD 2460680.422222222  ALT [deg]:  -2.1354575767874286  AZ [deg]: 275.3420828784091  Time inside window [0,-5deg] in min: 21.977552842581645  MoonPhase: 0.2742109489440918
 time entering irf 2025/1/4 21:54:40
 time leaving irf 2025/1/4 22:16:39
2025/1/4 22:09:00  JD 2460680.4229166666  ALT [deg]:  -2.294614644827066  AZ [deg]: 275.46401541547215  Time inside window [0,-5deg] in min: 21.977552653988823  MoonPhase: 0.274280891418457
 time entering irf 2025/1/4 21:54:40
 time leaving irf 2025/1/4 22:16:39
2025/1/4 22:10:00  JD 2460680.423611111  ALT [deg]:  -2.465178769110859  AZ [deg]: 275.58602991480524  Time inside window [0,-5deg] in min: 21.977553251199424  MoonPhase: 0.27435085296630857
 time entering irf 2025/1/4 21:54:40
 time leaving irf 2025/1/4 22:16:39
2025/1/4 22:11:00  JD 2460680.4243055554  ALT [deg]:  -2.6564571496000084  AZ [deg]: 275.70818101792173  Time inside window [0,-5deg] in min: 21.97755369124934  MoonPhase: 0.2744207954406738
 time entering irf 2025/1/4 21:54:40
 time leaving irf 2025/1/4 22:16:39
2025/1/4 22:12:00  JD 2460680.425  ALT [deg]:  -2.888754871479904  AZ [deg]: 275.83044140406497  Time inside window [0,-5deg] in min: 21.9775541103445  MoonPhase: 0.2744907569885254
 time entering irf 2025/1/4 21:54:40
 time leaving irf 2025/1/4 22:16:39
2025/1/4 22:13:00  JD 2460680.425694444  ALT [deg]:  -3.219126425878366  AZ [deg]: 275.9528383939916  Time inside window [0,-5deg] in min: 21.977554330369458  MoonPhase: 0.27456073760986327
 time entering irf 2025/1/4 21:54:40
 time leaving irf 2025/1/4 22:16:39
2025/1/4 22:14:00  JD 2460680.426388889  ALT [deg]:  -3.7980769521473303  AZ [deg]: 276.07534466694494  Time inside window [0,-5deg] in min: 21.977554173208773  MoonPhase: 0.2746306991577148
 time entering irf 2025/1/4 21:54:40
 time leaving irf 2025/1/4 22:16:39
2025/1/4 22:15:00  JD 2460680.4270833335  ALT [deg]:  -4.372252108969398  AZ [deg]: 276.1979875436817  Time inside window [0,-5deg] in min: 21.977560354862362  MoonPhase: 0.2747006797790527
 time entering irf 2025/1/4 21:54:40
 time leaving irf 2025/1/4 22:16:39
2025/1/4 22:16:00  JD 2460680.427777778  ALT [deg]:  -4.779132881129405  AZ [deg]: 276.32073970344516  Time inside window [0,-5deg] in min: 21.977561947423965  MoonPhase: 0.2747706604003906
 time entering irf 2025/1/5 21:50:44
 time leaving irf 2025/1/5 22:12:43
2025/1/5 21:51:00  JD 2460681.410416667  ALT [deg]:  -0.04760098571315394  AZ [deg]: 273.7572877456694  Time inside window [0,-5deg] in min: 21.9775520672556  MoonPhase: 0.3788318634033203
 time entering irf 2025/1/5 21:50:44
 time leaving irf 2025/1/5 22:12:43
2025/1/5 21:52:00  JD 2460681.4111111113  ALT [deg]:  -0.22572860068265066  AZ [deg]: 273.87807281095183  Time inside window [0,-5deg] in min: 21.97755260160193  MoonPhase: 0.3789083480834961
 time entering irf 2025/1/5 21:50:44
 time leaving irf 2025/1/5 22:12:43
2025/1/5 21:53:00  JD 2460681.4118055557  ALT [deg]:  -0.4003554335425584  AZ [deg]: 273.9989671592611  Time inside window [0,-5deg] in min: 21.977552203461528  MoonPhase: 0.3789848327636719
 time entering irf 2025/1/5 21:50:44
 time leaving irf 2025/1/5 22:12:43
2025/1/5 21:54:00  JD 2460681.4125  ALT [deg]:  -0.5713601583886703  AZ [deg]: 274.11988882832696  Time inside window [0,-5deg] in min: 21.97755249682814  MoonPhase: 0.37906131744384763
 time entering irf 2025/1/5 21:50:44
 time leaving irf 2025/1/5 22:12:43
2025/1/5 21:55:00  JD 2460681.4131944445  ALT [deg]:  -0.7386552367418189  AZ [deg]: 274.2408924596629  Time inside window [0,-5deg] in min: 21.97755198343657  MoonPhase: 0.3791378021240234
 time entering irf 2025/1/5 21:50:44
 time leaving irf 2025/1/5 22:12:43
2025/1/5 21:56:00  JD 2460681.413888889  ALT [deg]:  -0.9022802623548493  AZ [deg]: 274.3619780532689  Time inside window [0,-5deg] in min: 21.977552339667454  MoonPhase: 0.3792142868041992
 time entering irf 2025/1/5 21:50:44
 time leaving irf 2025/1/5 22:12:43
2025/1/5 21:57:00  JD 2460681.4145833333  ALT [deg]:  -1.062330697793583  AZ [deg]: 274.48314560914497  Time inside window [0,-5deg] in min: 21.97755207773298  MoonPhase: 0.379290771484375
 time entering irf 2025/1/5 21:50:44
 time leaving irf 2025/1/5 22:12:43
2025/1/5 21:58:00  JD 2460681.4152777777  ALT [deg]:  -1.2190293246188386  AZ [deg]: 274.604395127291  Time inside window [0,-5deg] in min: 21.977551752934232  MoonPhase: 0.37936729431152344
 time entering irf 2025/1/5 21:50:44
 time leaving irf 2025/1/5 22:12:43
2025/1/5 21:59:00  JD 2460681.415972222  ALT [deg]:  -1.3727457200977373  AZ [deg]: 274.7257266077071  Time inside window [0,-5deg] in min: 21.97754156892188  MoonPhase: 0.37944377899169923
 time entering irf 2025/1/5 21:50:44
 time leaving irf 2025/1/5 22:12:43
2025/1/5 22:00:00  JD 2460681.4166666665  ALT [deg]:  -1.5240077297870744  AZ [deg]: 274.84714005039325  Time inside window [0,-5deg] in min: 21.97754582273774  MoonPhase: 0.379520263671875
 time entering irf 2025/1/5 21:50:44
 time leaving irf 2025/1/5 22:12:43
2025/1/5 22:01:00  JD 2460681.417361111  ALT [deg]:  -1.6735812953692433  AZ [deg]: 274.96863545534944  Time inside window [0,-5deg] in min: 21.97754781343974  MoonPhase: 0.37959678649902345
 time entering irf 2025/1/5 21:50:44
 time leaving irf 2025/1/5 22:12:43
2025/1/5 22:02:00  JD 2460681.418055556  ALT [deg]:  -1.8225237087834205  AZ [deg]: 275.0902401433324  Time inside window [0,-5deg] in min: 21.977549605071545  MoonPhase: 0.3796733093261719
 time entering irf 2025/1/5 21:50:44
 time leaving irf 2025/1/5 22:12:43
2025/1/5 22:03:00  JD 2460681.41875  ALT [deg]:  -1.9722803020910045  AZ [deg]: 275.211954114342  Time inside window [0,-5deg] in min: 21.97755128145218  MoonPhase: 0.3797497940063477
 time entering irf 2025/1/5 21:50:44
 time leaving irf 2025/1/5 22:12:43
2025/1/5 22:04:00  JD 2460681.4194444446  ALT [deg]:  -2.1249032269724664  AZ [deg]: 275.33375004762166  Time inside window [0,-5deg] in min: 21.97755115572363  MoonPhase: 0.3798263168334961
 time entering irf 2025/1/5 21:50:44
 time leaving irf 2025/1/5 22:12:43
2025/1/5 22:05:00  JD 2460681.420138889  ALT [deg]:  -2.2835025673776896  AZ [deg]: 275.4556825846847  Time inside window [0,-5deg] in min: 21.977551742456853  MoonPhase: 0.37990283966064453
 time entering irf 2025/1/5 21:50:44
 time leaving irf 2025/1/5 22:12:43
2025/1/5 22:06:00  JD 2460681.4208333334  ALT [deg]:  -2.453057958098437  AZ [deg]: 275.5776970840178  Time inside window [0,-5deg] in min: 21.977551648160443  MoonPhase: 0.37997936248779296
 time entering irf 2025/1/5 21:50:44
 time leaving irf 2025/1/5 22:12:43
2025/1/5 22:07:00  JD 2460681.421527778  ALT [deg]:  -2.6424766061426386  AZ [deg]: 275.69982086637765  Time inside window [0,-5deg] in min: 21.977552706375718  MoonPhase: 0.3800558853149414
 time entering irf 2025/1/5 21:50:44
 time leaving irf 2025/1/5 22:12:43
2025/1/5 22:08:00  JD 2460681.422222222  ALT [deg]:  -2.870851238118008  AZ [deg]: 275.8220812525209  Time inside window [0,-5deg] in min: 21.977552098687738  MoonPhase: 0.3801324081420898
 time entering irf 2025/1/5 21:50:44
 time leaving irf 2025/1/5 22:12:43
2025/1/5 22:09:00  JD 2460681.4229166666  ALT [deg]:  -3.1908870087549484  AZ [deg]: 275.9444509216908  Time inside window [0,-5deg] in min: 21.97755258064717  MoonPhase: 0.38020896911621094
 time entering irf 2025/1/5 21:50:44
 time leaving irf 2025/1/5 22:12:43
2025/1/5 22:10:00  JD 2460681.423611111  ALT [deg]:  -3.75169399126742  AZ [deg]: 276.0669571946442  Time inside window [0,-5deg] in min: 21.977553324541077  MoonPhase: 0.38028549194335937
 time entering irf 2025/1/5 21:50:44
 time leaving irf 2025/1/5 22:12:43
2025/1/5 22:11:00  JD 2460681.4243055554  ALT [deg]:  -4.340016177407876  AZ [deg]: 276.18960007138094  Time inside window [0,-5deg] in min: 21.977559841470793  MoonPhase: 0.3803620147705078
 time entering irf 2025/1/5 21:50:44
 time leaving irf 2025/1/5 22:12:43
2025/1/5 22:12:00  JD 2460681.425  ALT [deg]:  -4.754414853409951  AZ [deg]: 276.3123522311444  Time inside window [0,-5deg] in min: 21.977560742525384  MoonPhase: 0.3804385757446289
***************************  Source ID 3 ***************************
***************************  Source ID 4 ***************************
***************************  Source ID 5 ***************************
 time entering irf 2025/1/1 04:22:30
 time leaving irf 2025/1/1 04:44:24
2025/1/1 04:23:00  JD 2460676.6826388887  ALT [deg]:  -0.09015657605346425  AZ [deg]: 269.62485937327153  Time inside window [0,-5deg] in min: 21.89452339662239  MoonPhase: 0.01948100209236145
 time entering irf 2025/1/1 04:22:30
 time leaving irf 2025/1/1 04:44:24
2025/1/1 04:24:00  JD 2460676.683333333  ALT [deg]:  -0.2678611028255503  AZ [deg]: 269.7454531932573  Time inside window [0,-5deg] in min: 21.89452248509042  MoonPhase: 0.019500828981399536
 time entering irf 2025/1/1 04:22:30
 time leaving irf 2025/1/1 04:44:24
2025/1/1 04:25:00  JD 2460676.684027778  ALT [deg]:  -0.4420419723574239  AZ [deg]: 269.86607433399973  Time inside window [0,-5deg] in min: 21.8945234909188  MoonPhase: 0.01952066779136658
 time entering irf 2025/1/1 04:22:30
 time leaving irf 2025/1/1 04:44:24
2025/1/1 04:26:00  JD 2460676.6847222224  ALT [deg]:  -0.6125879806316605  AZ [deg]: 269.98669547474213  Time inside window [0,-5deg] in min: 21.89452330232598  MoonPhase: 0.019540517330169677
 time entering irf 2025/1/1 04:22:30
 time leaving irf 2025/1/1 04:44:24
2025/1/1 04:27:00  JD 2460676.685416667  ALT [deg]:  -0.7794218611332747  AZ [deg]: 270.1073166154846  Time inside window [0,-5deg] in min: 21.894522820366547  MoonPhase: 0.019560377597808837
 time entering irf 2025/1/1 04:22:30
 time leaving irf 2025/1/1 04:44:24
2025/1/1 04:28:00  JD 2460676.686111111  ALT [deg]:  -0.9426099680828358  AZ [deg]: 270.22796507698365  Time inside window [0,-5deg] in min: 21.894522726070136  MoonPhase: 0.019580249786376954
 time entering irf 2025/1/1 04:22:30
 time leaving irf 2025/1/1 04:44:24
2025/1/1 04:29:00  JD 2460676.6868055556  ALT [deg]:  -1.1022715096257019  AZ [deg]: 270.34861353848277  Time inside window [0,-5deg] in min: 21.894522558432072  MoonPhase: 0.019600133895874023
 time entering irf 2025/1/1 04:22:30
 time leaving irf 2025/1/1 04:44:24
2025/1/1 04:30:00  JD 2460676.6875  ALT [deg]:  -1.2586636317119533  AZ [deg]: 270.46928932073854  Time inside window [0,-5deg] in min: 21.894522841321304  MoonPhase: 0.019620027542114258
 time entering irf 2025/1/1 04:22:30
 time leaving irf 2025/1/1 04:44:24
2025/1/1 04:31:00  JD 2460676.6881944444  ALT [deg]:  -1.4121882482855628  AZ [deg]: 270.589992423751  Time inside window [0,-5deg] in min: 21.894523061346263  MoonPhase: 0.01963993310928345
 time entering irf 2025/1/1 04:22:30
 time leaving irf 2025/1/1 04:44:24
2025/1/1 04:32:00  JD 2460676.688888889  ALT [deg]:  -1.5634616771974184  AZ [deg]: 270.7107228475202  Time inside window [0,-5deg] in min: 21.89452319755219  MoonPhase: 0.01965985059738159
 time entering irf 2025/1/1 04:22:30
 time leaving irf 2025/1/1 04:44:24
2025/1/1 04:33:00  JD 2460676.689583333  ALT [deg]:  -1.713297031123869  AZ [deg]: 270.8315079128027  Time inside window [0,-5deg] in min: 21.894522841321304  MoonPhase: 0.019679778814315797
 time entering irf 2025/1/1 04:22:30
 time leaving irf 2025/1/1 04:44:24
2025/1/1 04:34:00  JD 2460676.6902777776  ALT [deg]:  -1.8628559758323457  AZ [deg]: 270.9522929780852  Time inside window [0,-5deg] in min: 21.89452297752723  MoonPhase: 0.01969971776008606
 time entering irf 2025/1/1 04:22:30
 time leaving irf 2025/1/1 04:44:24
2025/1/1 04:35:00  JD 2460676.690972222  ALT [deg]:  -2.013746807428975  AZ [deg]: 271.07313268488105  Time inside window [0,-5deg] in min: 21.89452318707481  MoonPhase: 0.01971966862678528
 time entering irf 2025/1/1 04:22:30
 time leaving irf 2025/1/1 04:44:24
2025/1/1 04:36:00  JD 2460676.691666667  ALT [deg]:  -2.1682896557974454  AZ [deg]: 271.19402703319025  Time inside window [0,-5deg] in min: 21.89452228602022  MoonPhase: 0.019739630222320555
 time entering irf 2025/1/1 04:22:30
 time leaving irf 2025/1/1 04:44:24
2025/1/1 04:37:00  JD 2460676.6923611113  ALT [deg]:  -2.3300323773247555  AZ [deg]: 271.3149487022562  Time inside window [0,-5deg] in min: 21.894523124210536  MoonPhase: 0.019759602546691894
 time entering irf 2025/1/1 04:22:30
 time leaving irf 2025/1/1 04:44:24
2025/1/1 04:38:00  JD 2460676.6930555557  ALT [deg]:  -2.5048357012055993  AZ [deg]: 271.43592501283547  Time inside window [0,-5deg] in min: 21.89452317659743  MoonPhase: 0.01977958679199219
 time entering irf 2025/1/1 04:22:30
 time leaving irf 2025/1/1 04:44:24
2025/1/1 04:39:00  JD 2460676.69375  ALT [deg]:  -2.703742762667418  AZ [deg]: 271.5569559649281  Time inside window [0,-5deg] in min: 21.894522726070136  MoonPhase: 0.01979958176612854
 time entering irf 2025/1/1 04:22:30
 time leaving irf 2025/1/1 04:44:24
2025/1/1 04:40:00  JD 2460676.6944444445  ALT [deg]:  -2.951916405499362  AZ [deg]: 271.67804155853406  Time inside window [0,-5deg] in min: 21.894523228984326  MoonPhase: 0.01981958866119385
 time entering irf 2025/1/1 04:22:30
 time leaving irf 2025/1/1 04:44:24
2025/1/1 04:41:00  JD 2460676.695138889  ALT [deg]:  -3.325952932374893  AZ [deg]: 271.7991817936534  Time inside window [0,-5deg] in min: 21.894523417577147  MoonPhase: 0.019839606285095214
 time entering irf 2025/1/1 04:22:30
 time leaving irf 2025/1/1 04:44:24
2025/1/1 04:42:00  JD 2460676.6958333333  ALT [deg]:  -3.955814194613251  AZ [deg]: 271.9204039910428  Time inside window [0,-5deg] in min: 21.894522306974977  MoonPhase: 0.019859634637832642
 time entering irf 2025/1/1 04:22:30
 time leaving irf 2025/1/1 04:44:24
2025/1/1 04:43:00  JD 2460676.6965277777  ALT [deg]:  -4.481813039011457  AZ [deg]: 272.04168082994556  Time inside window [0,-5deg] in min: 21.89452308230102  MoonPhase: 0.019879674911499022
 time entering irf 2025/1/1 04:22:30
 time leaving irf 2025/1/1 04:44:24
2025/1/1 04:44:00  JD 2460676.697222222  ALT [deg]:  -4.867035281313353  AZ [deg]: 272.16303963111835  Time inside window [0,-5deg] in min: 21.89452684368007  MoonPhase: 0.019899725914001465
 time entering irf 2025/1/2 04:18:34
 time leaving irf 2025/1/2 04:40:28
2025/1/2 04:19:00  JD 2460677.679861111  ALT [deg]:  -0.07794078939300306  AZ [deg]: 269.61663582551085  Time inside window [0,-5deg] in min: 21.89452319755219  MoonPhase: 0.059389772415161135
 time entering irf 2025/1/2 04:18:34
 time leaving irf 2025/1/2 04:40:28
2025/1/2 04:20:00  JD 2460677.6805555555  ALT [deg]:  -0.25587977708258436  AZ [deg]: 269.73725696625326  Time inside window [0,-5deg] in min: 21.894523228984326  MoonPhase: 0.05942542552947998
 time entering irf 2025/1/2 04:18:34
 time leaving irf 2025/1/2 04:40:28
2025/1/2 04:21:00  JD 2460677.68125  ALT [deg]:  -0.4303045590730214  AZ [deg]: 269.857850786239  Time inside window [0,-5deg] in min: 21.894522244110703  MoonPhase: 0.05946108818054199
 time entering irf 2025/1/2 04:18:34
 time leaving irf 2025/1/2 04:40:28
2025/1/2 04:22:00  JD 2460677.6819444443  ALT [deg]:  -0.6011002427779338  AZ [deg]: 269.97847192698146  Time inside window [0,-5deg] in min: 21.8945222964976  MoonPhase: 0.05949676036834717
 time entering irf 2025/1/2 04:18:34
 time leaving irf 2025/1/2 04:40:28
2025/1/2 04:23:00  JD 2460677.6826388887  ALT [deg]:  -0.7681859865051921  AZ [deg]: 270.09909306772386  Time inside window [0,-5deg] in min: 21.894523029914126  MoonPhase: 0.05953244209289551
 time entering irf 2025/1/2 04:18:34
 time leaving irf 2025/1/2 04:40:28
2025/1/2 04:24:00  JD 2460677.683333333  ALT [deg]:  -0.9316201937082853  AZ [deg]: 270.219741529223  Time inside window [0,-5deg] in min: 21.894522642251104  MoonPhase: 0.059568138122558595
 time entering irf 2025/1/2 04:18:34
 time leaving irf 2025/1/2 04:40:28
2025/1/2 04:25:00  JD 2460677.684027778  ALT [deg]:  -1.0915150288999895  AZ [deg]: 270.3403899907221  Time inside window [0,-5deg] in min: 21.894522233633325  MoonPhase: 0.05960384368896485
 time entering irf 2025/1/2 04:18:34
 time leaving irf 2025/1/2 04:40:28
2025/1/2 04:26:00  JD 2460677.6847222224  ALT [deg]:  -1.248118459963688  AZ [deg]: 270.46106577297786  Time inside window [0,-5deg] in min: 21.894522118382156  MoonPhase: 0.05963956356048584
 time entering irf 2025/1/2 04:18:34
 time leaving irf 2025/1/2 04:40:28
2025/1/2 04:27:00  JD 2460677.685416667  ALT [deg]:  -1.4018239698285972  AZ [deg]: 270.58176887599035  Time inside window [0,-5deg] in min: 21.894522149814293  MoonPhase: 0.059675288200378415
 time entering irf 2025/1/2 04:18:34
 time leaving irf 2025/1/2 04:40:28
2025/1/2 04:28:00  JD 2460677.686111111  ALT [deg]:  -1.553225358065685  AZ [deg]: 270.7024992997595  Time inside window [0,-5deg] in min: 21.894522547954693  MoonPhase: 0.059711027145385745
 time entering irf 2025/1/2 04:18:34
 time leaving irf 2025/1/2 04:40:28
2025/1/2 04:29:00  JD 2460677.6868055556  ALT [deg]:  -1.703125065180722  AZ [deg]: 270.8232570442853  Time inside window [0,-5deg] in min: 21.89452297752723  MoonPhase: 0.059746775627136234
 time entering irf 2025/1/2 04:18:34
 time leaving irf 2025/1/2 04:40:28
2025/1/2 04:30:00  JD 2460677.6875  ALT [deg]:  -1.8526587168449284  AZ [deg]: 270.9440694303245  Time inside window [0,-5deg] in min: 21.89452238031663  MoonPhase: 0.05978253364562988
 time entering irf 2025/1/2 04:18:34
 time leaving irf 2025/1/2 04:40:28
2025/1/2 04:31:00  JD 2460677.6881944444  ALT [deg]:  -2.0034127312147456  AZ [deg]: 271.06490913712037  Time inside window [0,-5deg] in min: 21.89452288323082  MoonPhase: 0.05981830596923828
 time entering irf 2025/1/2 04:18:34
 time leaving irf 2025/1/2 04:40:28
2025/1/2 04:32:00  JD 2460677.688888889  ALT [deg]:  -2.157595713991321  AZ [deg]: 271.1857761646729  Time inside window [0,-5deg] in min: 21.894523166120052  MoonPhase: 0.05985408782958984
 time entering irf 2025/1/2 04:18:34
 time leaving irf 2025/1/2 04:40:28
2025/1/2 04:33:00  JD 2460677.689583333  ALT [deg]:  -2.318697678397119  AZ [deg]: 271.30669783373884  Time inside window [0,-5deg] in min: 21.894522705115378  MoonPhase: 0.05988987922668457
 time entering irf 2025/1/2 04:18:34
 time leaving irf 2025/1/2 04:40:28
2025/1/2 04:34:00  JD 2460677.6902777776  ALT [deg]:  -2.492346700308231  AZ [deg]: 271.4276741443181  Time inside window [0,-5deg] in min: 21.89452318707481  MoonPhase: 0.05992568016052246
 time entering irf 2025/1/2 04:18:34
 time leaving irf 2025/1/2 04:40:28
2025/1/2 04:35:00  JD 2460677.690972222  ALT [deg]:  -2.68906596680153  AZ [deg]: 271.5487050964107  Time inside window [0,-5deg] in min: 21.89452219172381  MoonPhase: 0.059961490631103516
 time entering irf 2025/1/2 04:18:34
 time leaving irf 2025/1/2 04:40:28
2025/1/2 04:36:00  JD 2460677.691666667  ALT [deg]:  -2.9324552755632918  AZ [deg]: 271.66979069001667  Time inside window [0,-5deg] in min: 21.894522453658283  MoonPhase: 0.05999731540679932
 time entering irf 2025/1/2 04:18:34
 time leaving irf 2025/1/2 04:40:28
2025/1/2 04:37:00  JD 2460677.6923611113  ALT [deg]:  -3.2929103981610752  AZ [deg]: 271.790930925136  Time inside window [0,-5deg] in min: 21.894523344235495  MoonPhase: 0.06003314971923828
 time entering irf 2025/1/2 04:18:34
 time leaving irf 2025/1/2 04:40:28
2025/1/2 04:38:00  JD 2460677.6930555557  ALT [deg]:  -3.9116659862524044  AZ [deg]: 271.9121531225254  Time inside window [0,-5deg] in min: 21.894522642251104  MoonPhase: 0.06006899356842041
 time entering irf 2025/1/2 04:18:34
 time leaving irf 2025/1/2 04:40:28
2025/1/2 04:39:00  JD 2460677.69375  ALT [deg]:  -4.451905775070086  AZ [deg]: 272.03342996142817  Time inside window [0,-5deg] in min: 21.894522107904777  MoonPhase: 0.06010485172271728
 time entering irf 2025/1/2 04:18:34
 time leaving irf 2025/1/2 04:40:28
2025/1/2 04:40:00  JD 2460677.6944444445  ALT [deg]:  -4.843259392812539  AZ [deg]: 272.1547614418443  Time inside window [0,-5deg] in min: 21.894527189433575  MoonPhase: 0.06014071464538574
 time entering irf 2025/1/3 04:14:38
 time leaving irf 2025/1/3 04:36:32
2025/1/3 04:15:00  JD 2460678.6770833335  ALT [deg]:  -0.06571086877663243  AZ [deg]: 269.6084122777502  Time inside window [0,-5deg] in min: 21.894522422226146  MoonPhase: 0.12127475738525391
 time entering irf 2025/1/3 04:14:38
 time leaving irf 2025/1/3 04:36:32
2025/1/3 04:16:00  JD 2460678.677777778  ALT [deg]:  -0.24388353698123547  AZ [deg]: 269.7290334184926  Time inside window [0,-5deg] in min: 21.89452228602022  MoonPhase: 0.12132501602172852
 time entering irf 2025/1/3 04:14:38
 time leaving irf 2025/1/3 04:36:32
2025/1/3 04:17:00  JD 2460678.6784722223  ALT [deg]:  -0.4185516444608542  AZ [deg]: 269.8496272384783  Time inside window [0,-5deg] in min: 21.894522034563124  MoonPhase: 0.1213752841949463
 time entering irf 2025/1/3 04:14:38
 time leaving irf 2025/1/3 04:36:32
2025/1/3 04:18:00  JD 2460678.6791666667  ALT [deg]:  -0.5895967101117514  AZ [deg]: 269.9702483792208  Time inside window [0,-5deg] in min: 21.894522757502273  MoonPhase: 0.12142556190490722
 time entering irf 2025/1/3 04:14:38
 time leaving irf 2025/1/3 04:36:32
2025/1/3 04:19:00  JD 2460678.679861111  ALT [deg]:  -0.7569344237863598  AZ [deg]: 270.0908695199632  Time inside window [0,-5deg] in min: 21.894522254588082  MoonPhase: 0.12147584915161133
 time entering irf 2025/1/3 04:14:38
 time leaving irf 2025/1/3 04:36:32
2025/1/3 04:20:00  JD 2460678.6805555555  ALT [deg]:  -0.9206152648515138  AZ [deg]: 270.2115179814623  Time inside window [0,-5deg] in min: 21.894521825015545  MoonPhase: 0.12152614593505859
 time entering irf 2025/1/3 04:14:38
 time leaving irf 2025/1/3 04:36:32
2025/1/3 04:21:00  JD 2460678.68125  ALT [deg]:  -1.0807445676308198  AZ [deg]: 270.3321664429614  Time inside window [0,-5deg] in min: 21.894523040391505  MoonPhase: 0.12157645225524902
 time entering irf 2025/1/3 04:14:38
 time leaving irf 2025/1/3 04:36:32
2025/1/3 04:22:00  JD 2460678.6819444443  ALT [deg]:  -1.2375611219409641  AZ [deg]: 270.4528422252172  Time inside window [0,-5deg] in min: 21.894522139336914  MoonPhase: 0.12162676811218262
 time entering irf 2025/1/3 04:14:38
 time leaving irf 2025/1/3 04:36:32
2025/1/3 04:23:00  JD 2460678.6826388887  ALT [deg]:  -1.3914500864181116  AZ [deg]: 270.57354532822967  Time inside window [0,-5deg] in min: 21.894522317452356  MoonPhase: 0.12167709350585937
 time entering irf 2025/1/3 04:14:38
 time leaving irf 2025/1/3 04:36:32
2025/1/3 04:24:00  JD 2460678.683333333  ALT [deg]:  -1.5429831692401335  AZ [deg]: 270.6942757519988  Time inside window [0,-5deg] in min: 21.894522202201188  MoonPhase: 0.1217274284362793
 time entering irf 2025/1/3 04:14:38
 time leaving irf 2025/1/3 04:36:32
2025/1/3 04:25:00  JD 2460678.684027778  ALT [deg]:  -1.6929522454639283  AZ [deg]: 270.8150334965246  Time inside window [0,-5deg] in min: 21.894522128859535  MoonPhase: 0.12177776336669922
 time entering irf 2025/1/3 04:14:38
 time leaving irf 2025/1/3 04:36:32
2025/1/3 04:26:00  JD 2460678.6847222224  ALT [deg]:  -1.8424678611598577  AZ [deg]: 270.93581856180714  Time inside window [0,-5deg] in min: 21.89452247461304  MoonPhase: 0.12182811737060546
 time entering irf 2025/1/3 04:14:38
 time leaving irf 2025/1/3 04:36:32
2025/1/3 04:27:00  JD 2460678.685416667  ALT [deg]:  -1.9930733189152274  AZ [deg]: 271.056658268603  Time inside window [0,-5deg] in min: 21.89452260034159  MoonPhase: 0.12187848091125489
 time entering irf 2025/1/3 04:14:38
 time leaving irf 2025/1/3 04:36:32
2025/1/3 04:28:00  JD 2460678.686111111  ALT [deg]:  -2.146934002140343  AZ [deg]: 271.17755261691224  Time inside window [0,-5deg] in min: 21.89452216029167  MoonPhase: 0.12192885398864746
 time entering irf 2025/1/3 04:14:38
 time leaving irf 2025/1/3 04:36:32
2025/1/3 04:29:00  JD 2460678.6868055556  ALT [deg]:  -2.3074208226340165  AZ [deg]: 271.2984742859781  Time inside window [0,-5deg] in min: 21.894521835492924  MoonPhase: 0.1219792366027832
 time entering irf 2025/1/3 04:14:38
 time leaving irf 2025/1/3 04:36:32
2025/1/3 04:30:00  JD 2460678.6875  ALT [deg]:  -2.4799614329088824  AZ [deg]: 271.4194232758007  Time inside window [0,-5deg] in min: 21.8945230927784  MoonPhase: 0.1220296287536621
 time entering irf 2025/1/3 04:14:38
 time leaving irf 2025/1/3 04:36:32
2025/1/3 04:31:00  JD 2460678.6881944444  ALT [deg]:  -2.6745930093936847  AZ [deg]: 271.54045422789335  Time inside window [0,-5deg] in min: 21.89452288323082  MoonPhase: 0.12208003044128418
 time entering irf 2025/1/3 04:14:38
 time leaving irf 2025/1/3 04:36:32
2025/1/3 04:32:00  JD 2460678.688888889  ALT [deg]:  -2.913483571369935  AZ [deg]: 271.66153982149933  Time inside window [0,-5deg] in min: 21.89452298800461  MoonPhase: 0.12213044166564942
 time entering irf 2025/1/3 04:14:38
 time leaving irf 2025/1/3 04:36:32
2025/1/3 04:33:00  JD 2460678.689583333  ALT [deg]:  -3.261354497308793  AZ [deg]: 271.7826800566187  Time inside window [0,-5deg] in min: 21.894522935617715  MoonPhase: 0.12218086242675781
 time entering irf 2025/1/3 04:14:38
 time leaving irf 2025/1/3 04:36:32
2025/1/3 04:34:00  JD 2460678.6902777776  ALT [deg]:  -3.8665338037642525  AZ [deg]: 271.90387493325136  Time inside window [0,-5deg] in min: 21.894521929789335  MoonPhase: 0.12223129272460938
 time entering irf 2025/1/3 04:14:38
 time leaving irf 2025/1/3 04:36:32
2025/1/3 04:35:00  JD 2460678.690972222  ALT [deg]:  -4.421353912025797  AZ [deg]: 272.0251517721541  Time inside window [0,-5deg] in min: 21.89452226506546  MoonPhase: 0.1222817325592041
 time entering irf 2025/1/3 04:14:38
 time leaving irf 2025/1/3 04:36:32
2025/1/3 04:36:00  JD 2460678.691666667  ALT [deg]:  -4.819206454763515  AZ [deg]: 272.1464832525702  Time inside window [0,-5deg] in min: 21.89452664460987  MoonPhase: 0.12233217239379883
 time entering irf 2025/1/4 04:10:42
 time leaving irf 2025/1/4 04:32:36
2025/1/4 04:11:00  JD 2460679.6743055554  ALT [deg]:  -0.053468144890621336  AZ [deg]: 269.60018872998944  Time inside window [0,-5deg] in min: 21.894522045040503  MoonPhase: 0.2026500129699707
 time entering irf 2025/1/4 04:10:42
 time leaving irf 2025/1/4 04:32:36
2025/1/4 04:12:00  JD 2460679.675  ALT [deg]:  -0.2318736898623994  AZ [deg]: 269.7208098707319  Time inside window [0,-5deg] in min: 21.894522642251104  MoonPhase: 0.20271265029907226
 time entering irf 2025/1/4 04:10:42
 time leaving irf 2025/1/4 04:32:36
2025/1/4 04:13:00  JD 2460679.675694444  ALT [deg]:  -0.4067845091813916  AZ [deg]: 269.84140369071764  Time inside window [0,-5deg] in min: 21.894521699286997  MoonPhase: 0.20277528762817382
 time entering irf 2025/1/4 04:10:42
 time leaving irf 2025/1/4 04:32:36
2025/1/4 04:14:00  JD 2460679.676388889  ALT [deg]:  -0.5780786632935827  AZ [deg]: 269.96202483146004  Time inside window [0,-5deg] in min: 21.89452208695002  MoonPhase: 0.20283794403076172
 time entering irf 2025/1/4 04:10:42
 time leaving irf 2025/1/4 04:32:36
2025/1/4 04:15:00  JD 2460679.6770833335  ALT [deg]:  -0.7456682935546881  AZ [deg]: 270.0826459722025  Time inside window [0,-5deg] in min: 21.894522233633325  MoonPhase: 0.20290061950683594
 time entering irf 2025/1/4 04:10:42
 time leaving irf 2025/1/4 04:32:36
2025/1/4 04:16:00  JD 2460679.677777778  ALT [deg]:  -0.9095961420078734  AZ [deg]: 270.2032944337016  Time inside window [0,-5deg] in min: 21.894521751673892  MoonPhase: 0.20296327590942384
 time entering irf 2025/1/4 04:10:42
 time leaving irf 2025/1/4 04:32:36
2025/1/4 04:17:00  JD 2460679.6784722223  ALT [deg]:  -1.0699609795918392  AZ [deg]: 270.3239428952007  Time inside window [0,-5deg] in min: 21.894522663205862  MoonPhase: 0.20302595138549806
 time entering irf 2025/1/4 04:10:42
 time leaving irf 2025/1/4 04:32:36
2025/1/4 04:18:00  JD 2460679.6791666667  ALT [deg]:  -1.2269925781391329  AZ [deg]: 270.4446186774565  Time inside window [0,-5deg] in min: 21.894522631773725  MoonPhase: 0.2030886459350586
 time entering irf 2025/1/4 04:10:42
 time leaving irf 2025/1/4 04:32:36
2025/1/4 04:19:00  JD 2460679.679861111  ALT [deg]:  -1.3810676652711633  AZ [deg]: 270.56532178046893  Time inside window [0,-5deg] in min: 21.894521437352523  MoonPhase: 0.20315134048461914
 time entering irf 2025/1/4 04:10:42
 time leaving irf 2025/1/4 04:32:36
2025/1/4 04:20:00  JD 2460679.6805555555  ALT [deg]:  -1.5327359644944103  AZ [deg]: 270.6860522042381  Time inside window [0,-5deg] in min: 21.894521814538166  MoonPhase: 0.20321403503417967
 time entering irf 2025/1/4 04:10:42
 time leaving irf 2025/1/4 04:32:36
2025/1/4 04:21:00  JD 2460679.68125  ALT [deg]:  -1.6827789988603117  AZ [deg]: 270.80680994876394  Time inside window [0,-5deg] in min: 21.894522642251104  MoonPhase: 0.20327672958374024
 time entering irf 2025/1/4 04:10:42
 time leaving irf 2025/1/4 04:32:36
2025/1/4 04:22:00  JD 2460679.6819444443  ALT [deg]:  -1.8322840491073686  AZ [deg]: 270.9275950140464  Time inside window [0,-5deg] in min: 21.894522610818967  MoonPhase: 0.20333946228027344
 time entering irf 2025/1/4 04:10:42
 time leaving irf 2025/1/4 04:32:36
2025/1/4 04:23:00  JD 2460679.6826388887  ALT [deg]:  -1.9827520493056918  AZ [deg]: 271.0484347208423  Time inside window [0,-5deg] in min: 21.894521521171555  MoonPhase: 0.20340217590332033
 time entering irf 2025/1/4 04:10:42
 time leaving irf 2025/1/4 04:32:36
2025/1/4 04:24:00  JD 2460679.683333333  ALT [deg]:  -2.1363043068010987  AZ [deg]: 271.16930174839484  Time inside window [0,-5deg] in min: 21.894521489739418  MoonPhase: 0.20346490859985353
 time entering irf 2025/1/4 04:10:42
 time leaving irf 2025/1/4 04:32:36
2025/1/4 04:25:00  JD 2460679.684027778  ALT [deg]:  -2.2962007428183897  AZ [deg]: 271.29022341746077  Time inside window [0,-5deg] in min: 21.894522118382156  MoonPhase: 0.20352764129638673
 time entering irf 2025/1/4 04:10:42
 time leaving irf 2025/1/4 04:32:36
2025/1/4 04:26:00  JD 2460679.6847222224  ALT [deg]:  -2.467698468584359  AZ [deg]: 271.41117240728335  Time inside window [0,-5deg] in min: 21.89452248509042  MoonPhase: 0.20359039306640625
 time entering irf 2025/1/4 04:10:42
 time leaving irf 2025/1/4 04:32:36
2025/1/4 04:27:00  JD 2460679.685416667  ALT [deg]:  -2.6603157795942423  AZ [deg]: 271.53220335937596  Time inside window [0,-5deg] in min: 21.894522422226146  MoonPhase: 0.20365314483642577
 time entering irf 2025/1/4 04:10:42
 time leaving irf 2025/1/4 04:32:36
2025/1/4 04:28:00  JD 2460679.686111111  ALT [deg]:  -2.8949735452757888  AZ [deg]: 271.65328895298194  Time inside window [0,-5deg] in min: 21.894522139336914  MoonPhase: 0.20371589660644532
 time entering irf 2025/1/4 04:10:42
 time leaving irf 2025/1/4 04:32:36
2025/1/4 04:29:00  JD 2460679.6868055556  ALT [deg]:  -3.231189393726255  AZ [deg]: 271.7744291881013  Time inside window [0,-5deg] in min: 21.894521699286997  MoonPhase: 0.20377866744995118
 time entering irf 2025/1/4 04:10:42
 time leaving irf 2025/1/4 04:32:36
2025/1/4 04:30:00  JD 2460679.6875  ALT [deg]:  -3.820608892445556  AZ [deg]: 271.89562406473397  Time inside window [0,-5deg] in min: 21.894522401271388  MoonPhase: 0.20384143829345702
 time entering irf 2025/1/4 04:10:42
 time leaving irf 2025/1/4 04:32:36
2025/1/4 04:31:00  JD 2460679.6881944444  ALT [deg]:  -4.390117749404036  AZ [deg]: 272.01687358288007  Time inside window [0,-5deg] in min: 21.894522715592757  MoonPhase: 0.2039042282104492
 time entering irf 2025/1/4 04:10:42
 time leaving irf 2025/1/4 04:32:36
2025/1/4 04:32:00  JD 2460679.688888889  ALT [deg]:  -4.794865794995705  AZ [deg]: 272.13823238405286  Time inside window [0,-5deg] in min: 21.894526057876647  MoonPhase: 0.20396701812744142
 time entering irf 2025/1/5 04:06:46
 time leaving irf 2025/1/5 04:28:40
2025/1/5 04:07:00  JD 2460680.671527778  ALT [deg]:  -0.04121355154989536  AZ [deg]: 269.59196518222876  Time inside window [0,-5deg] in min: 21.89452157355845  MoonPhase: 0.2996854400634766
 time entering irf 2025/1/5 04:06:46
 time leaving irf 2025/1/5 04:28:40
2025/1/5 04:08:00  JD 2460680.672222222  ALT [deg]:  -0.21985112952036212  AZ [deg]: 269.7125863229712  Time inside window [0,-5deg] in min: 21.894521730719134  MoonPhase: 0.29975738525390627
 time entering irf 2025/1/5 04:06:46
 time leaving irf 2025/1/5 04:28:40
2025/1/5 04:09:00  JD 2460680.6729166666  ALT [deg]:  -0.39500403368870635  AZ [deg]: 269.83318014295696  Time inside window [0,-5deg] in min: 21.89452198217623  MoonPhase: 0.29982933044433596
 time entering irf 2025/1/5 04:06:46
 time leaving irf 2025/1/5 04:28:40
2025/1/5 04:10:00  JD 2460680.673611111  ALT [deg]:  -0.5665468493753683  AZ [deg]: 269.95380128369936  Time inside window [0,-5deg] in min: 21.894521552603692  MoonPhase: 0.29990129470825194
 time entering irf 2025/1/5 04:06:46
 time leaving irf 2025/1/5 04:28:40
2025/1/5 04:11:00  JD 2460680.6743055554  ALT [deg]:  -0.7343883962229708  AZ [deg]: 270.07442242444176  Time inside window [0,-5deg] in min: 21.894521825015545  MoonPhase: 0.29997323989868163
 time entering irf 2025/1/5 04:06:46
 time leaving irf 2025/1/5 04:28:40
2025/1/5 04:12:00  JD 2460680.675  ALT [deg]:  -0.8985637856727161  AZ [deg]: 270.1950708859409  Time inside window [0,-5deg] in min: 21.894521898357198  MoonPhase: 0.30004520416259767
 time entering irf 2025/1/5 04:06:46
 time leaving irf 2025/1/5 04:28:40
2025/1/5 04:13:00  JD 2460680.675694444  ALT [deg]:  -1.0591651185566935  AZ [deg]: 270.31571934744  Time inside window [0,-5deg] in min: 21.894522097427398  MoonPhase: 0.3001171875
 time entering irf 2025/1/5 04:06:46
 time leaving irf 2025/1/5 04:28:40
2025/1/5 04:14:00  JD 2460680.676388889  ALT [deg]:  -1.216413255445018  AZ [deg]: 270.43639512969577  Time inside window [0,-5deg] in min: 21.89452096587047  MoonPhase: 0.30018915176391603
 time entering irf 2025/1/5 04:06:46
 time leaving irf 2025/1/5 04:28:40
2025/1/5 04:15:00  JD 2460680.6770833335  ALT [deg]:  -1.3706770265528698  AZ [deg]: 270.5570709119516  Time inside window [0,-5deg] in min: 21.894522013608366  MoonPhase: 0.30026113510131835
 time entering irf 2025/1/5 04:06:46
 time leaving irf 2025/1/5 04:28:40
2025/1/5 04:16:00  JD 2460680.677777778  ALT [deg]:  -1.5224840639936328  AZ [deg]: 270.67780133572074  Time inside window [0,-5deg] in min: 21.89452107064426  MoonPhase: 0.3003331184387207
 time entering irf 2025/1/5 04:06:46
 time leaving irf 2025/1/5 04:28:40
2025/1/5 04:17:00  JD 2460680.6784722223  ALT [deg]:  -1.672605752256695  AZ [deg]: 270.79855908024655  Time inside window [0,-5deg] in min: 21.894522024085745  MoonPhase: 0.30040512084960935
 time entering irf 2025/1/5 04:06:46
 time leaving irf 2025/1/5 04:28:40
2025/1/5 04:18:00  JD 2460680.6791666667  ALT [deg]:  -1.8221260637076788  AZ [deg]: 270.91934414552907  Time inside window [0,-5deg] in min: 21.894522045040503  MoonPhase: 0.30047710418701173
 time entering irf 2025/1/5 04:06:46
 time leaving irf 2025/1/5 04:28:40
2025/1/5 04:19:00  JD 2460680.679861111  ALT [deg]:  -1.9724487089427276  AZ [deg]: 271.0401838523249  Time inside window [0,-5deg] in min: 21.894521123031154  MoonPhase: 0.3005491065979004
 time entering irf 2025/1/5 04:06:46
 time leaving irf 2025/1/5 04:28:40
2025/1/5 04:20:00  JD 2460680.6805555555  ALT [deg]:  -2.125706201086766  AZ [deg]: 271.16105087987745  Time inside window [0,-5deg] in min: 21.894521489739418  MoonPhase: 0.3006211090087891
 time entering irf 2025/1/5 04:06:46
 time leaving irf 2025/1/5 04:28:40
2025/1/5 04:21:00  JD 2460680.68125  ALT [deg]:  -2.2850359448463577  AZ [deg]: 271.2819725489434  Time inside window [0,-5deg] in min: 21.894521123031154  MoonPhase: 0.30069313049316404
 time entering irf 2025/1/5 04:06:46
 time leaving irf 2025/1/5 04:28:40
2025/1/5 04:22:00  JD 2460680.6819444443  ALT [deg]:  -2.4555070078027095  AZ [deg]: 271.40292153876595  Time inside window [0,-5deg] in min: 21.89452199265361  MoonPhase: 0.3007651329040527
 time entering irf 2025/1/5 04:06:46
 time leaving irf 2025/1/5 04:28:40
2025/1/5 04:23:00  JD 2460680.6826388887  ALT [deg]:  -2.646225526223329  AZ [deg]: 271.52395249085856  Time inside window [0,-5deg] in min: 21.894521636422724  MoonPhase: 0.3008371734619141
 time entering irf 2025/1/5 04:06:46
 time leaving irf 2025/1/5 04:28:40
2025/1/5 04:24:00  JD 2460680.683333333  ALT [deg]:  -2.8768566819457417  AZ [deg]: 271.6450107637079  Time inside window [0,-5deg] in min: 21.894521814538166  MoonPhase: 0.30090919494628904
 time entering irf 2025/1/5 04:06:46
 time leaving irf 2025/1/5 04:28:40
2025/1/5 04:25:00  JD 2460680.684027778  ALT [deg]:  -3.2023171168875533  AZ [deg]: 271.76615099882724  Time inside window [0,-5deg] in min: 21.89452199265361  MoonPhase: 0.30098121643066406
 time entering irf 2025/1/5 04:06:46
 time leaving irf 2025/1/5 04:28:40
2025/1/5 04:26:00  JD 2460680.6847222224  ALT [deg]:  -3.774151226371599  AZ [deg]: 271.8873458754599  Time inside window [0,-5deg] in min: 21.894522013608366  MoonPhase: 0.30105325698852536
 time entering irf 2025/1/5 04:06:46
 time leaving irf 2025/1/5 04:28:40
2025/1/5 04:27:00  JD 2460680.685416667  ALT [deg]:  -4.358152890975199  AZ [deg]: 272.0086227143627  Time inside window [0,-5deg] in min: 21.89452208695002  MoonPhase: 0.3011252975463867
 time entering irf 2025/1/5 04:06:46
 time leaving irf 2025/1/5 04:28:40
2025/1/5 04:28:00  JD 2460680.686111111  ALT [deg]:  -4.770224180017593  AZ [deg]: 272.1299541947788  Time inside window [0,-5deg] in min: 21.894525481620803  MoonPhase: 0.3011973571777344
***************************  Source ID 6 ***************************
***************************  Source ID 7 ***************************
***************************  Source ID 8 ***************************
***************************  Source ID 9 ***************************
 time entering irf 2025/1/1 21:47:20
 time leaving irf 2025/1/1 22:09:32
2025/1/1 21:48:00  JD 2460677.408333333  ALT [deg]:  -0.11900494723007092  AZ [deg]: 278.35348596271103  Time inside window [0,-5deg] in min: 22.204724525799975  MoonPhase: 0.04627676486968994
 time entering irf 2025/1/1 21:47:20
 time leaving irf 2025/1/1 22:09:32
2025/1/1 21:49:00  JD 2460677.4090277776  ALT [deg]:  -0.2942659471461585  AZ [deg]: 278.474571556317  Time inside window [0,-5deg] in min: 22.204724808689207  MoonPhase: 0.04630818367004395
 time entering irf 2025/1/1 21:47:20
 time leaving irf 2025/1/1 22:09:32
2025/1/1 21:50:00  JD 2460677.409722222  ALT [deg]:  -0.4660039034718418  AZ [deg]: 278.5957664329497  Time inside window [0,-5deg] in min: 22.20472457818687  MoonPhase: 0.046339612007141116
 time entering irf 2025/1/1 21:47:20
 time leaving irf 2025/1/1 22:09:32
2025/1/1 21:51:00  JD 2460677.410416667  ALT [deg]:  -0.6341222864242414  AZ [deg]: 278.7171252341225  Time inside window [0,-5deg] in min: 22.204724127659574  MoonPhase: 0.046371054649353025
 time entering irf 2025/1/1 21:47:20
 time leaving irf 2025/1/1 22:09:32
2025/1/1 21:52:00  JD 2460677.4111111113  ALT [deg]:  -0.7985559424019778  AZ [deg]: 278.838593318322  Time inside window [0,-5deg] in min: 22.204723278991878  MoonPhase: 0.046402506828308106
 time entering irf 2025/1/1 21:47:20
 time leaving irf 2025/1/1 22:09:32
2025/1/1 21:53:00  JD 2460677.4118055557  ALT [deg]:  -0.9593882210572664  AZ [deg]: 278.9602253270616  Time inside window [0,-5deg] in min: 22.20472378190607  MoonPhase: 0.046433968544006346
 time entering irf 2025/1/1 21:47:20
 time leaving irf 2025/1/1 22:09:32
2025/1/1 21:54:00  JD 2460677.4125  ALT [deg]:  -1.116747135076192  AZ [deg]: 279.0819666188279  Time inside window [0,-5deg] in min: 22.20472378190607  MoonPhase: 0.04646544456481934
 time entering irf 2025/1/1 21:47:20
 time leaving irf 2025/1/1 22:09:32
2025/1/1 21:55:00  JD 2460677.4131944445  ALT [deg]:  -1.2708967139588576  AZ [deg]: 279.20389915589095  Time inside window [0,-5deg] in min: 22.204722723690793  MoonPhase: 0.04649693012237549
 time entering irf 2025/1/1 21:47:20
 time leaving irf 2025/1/1 22:09:32
2025/1/1 21:56:00  JD 2460677.413888889  ALT [deg]:  -1.422237697710473  AZ [deg]: 279.3259682967374  Time inside window [0,-5deg] in min: 22.20472315326333  MoonPhase: 0.0465284252166748
 time entering irf 2025/1/1 21:47:20
 time leaving irf 2025/1/1 22:09:32
2025/1/1 21:57:00  JD 2460677.4145833333  ALT [deg]:  -1.5713873646772778  AZ [deg]: 279.4481740413673  Time inside window [0,-5deg] in min: 22.204722000751644  MoonPhase: 0.046559934616088865
 time entering irf 2025/1/1 21:47:20
 time leaving irf 2025/1/1 22:09:32
2025/1/1 21:58:00  JD 2460677.4152777777  ALT [deg]:  -1.7191360958122894  AZ [deg]: 279.57054371053727  Time inside window [0,-5deg] in min: 22.204721979796886  MoonPhase: 0.046591448783874514
 time entering irf 2025/1/1 21:47:20
 time leaving irf 2025/1/1 22:09:32
2025/1/1 21:59:00  JD 2460677.415972222  ALT [deg]:  -1.8666172756309072  AZ [deg]: 279.69307730424725  Time inside window [0,-5deg] in min: 22.20472133019939  MoonPhase: 0.0466229772567749
 time entering irf 2025/1/1 21:47:20
 time leaving irf 2025/1/1 22:09:32
2025/1/1 22:00:00  JD 2460677.4166666665  ALT [deg]:  -2.0153892544809513  AZ [deg]: 279.8158021432541  Time inside window [0,-5deg] in min: 22.204721214948222  MoonPhase: 0.04665452003479004
 time entering irf 2025/1/1 21:47:20
 time leaving irf 2025/1/1 22:09:32
2025/1/1 22:01:00  JD 2460677.417361111  ALT [deg]:  -2.1676847571690763  AZ [deg]: 279.93866358604424  Time inside window [0,-5deg] in min: 22.20472304848954  MoonPhase: 0.04668606758117676
 time entering irf 2025/1/1 21:47:20
 time leaving irf 2025/1/1 22:09:32
2025/1/1 22:02:00  JD 2460677.418055556  ALT [deg]:  -2.326894759174781  AZ [deg]: 280.0617162741312  Time inside window [0,-5deg] in min: 22.204722084570676  MoonPhase: 0.04671762943267822
 time entering irf 2025/1/1 21:47:20
 time leaving irf 2025/1/1 22:09:32
2025/1/1 22:03:00  JD 2460677.41875  ALT [deg]:  -2.498566014434351  AZ [deg]: 280.18493288675825  Time inside window [0,-5deg] in min: 22.204722074093297  MoonPhase: 0.04674920082092285
 time entering irf 2025/1/1 21:47:20
 time leaving irf 2025/1/1 22:09:32
2025/1/1 22:04:00  JD 2460677.4194444446  ALT [deg]:  -2.6930016498673384  AZ [deg]: 280.308340744682  Time inside window [0,-5deg] in min: 22.204725971678272  MoonPhase: 0.046780786514282226
 time entering irf 2025/1/1 21:47:20
 time leaving irf 2025/1/1 22:09:32
2025/1/1 22:05:00  JD 2460677.420138889  ALT [deg]:  -2.9331316777345346  AZ [deg]: 280.43191252714587  Time inside window [0,-5deg] in min: 22.204726055497304  MoonPhase: 0.04681238174438476
 time entering irf 2025/1/1 21:47:20
 time leaving irf 2025/1/1 22:09:32
2025/1/1 22:06:00  JD 2460677.4208333334  ALT [deg]:  -3.2863542703315094  AZ [deg]: 280.55567555490654  Time inside window [0,-5deg] in min: 22.204725814517587  MoonPhase: 0.04684398651123047
 time entering irf 2025/1/1 21:47:20
 time leaving irf 2025/1/1 22:09:32
2025/1/1 22:07:00  JD 2460677.421527778  ALT [deg]:  -3.891551079146717  AZ [deg]: 280.6796571487206  Time inside window [0,-5deg] in min: 22.20472589833662  MoonPhase: 0.04687560081481933
 time entering irf 2025/1/1 21:47:20
 time leaving irf 2025/1/1 22:09:32
2025/1/1 22:08:00  JD 2460677.422222222  ALT [deg]:  -4.430675412695572  AZ [deg]: 280.80380266707476  Time inside window [0,-5deg] in min: 22.204725751653314  MoonPhase: 0.04690722942352295
 time entering irf 2025/1/1 21:47:20
 time leaving irf 2025/1/1 22:09:32
2025/1/1 22:09:00  JD 2460677.4229166666  ALT [deg]:  -4.820388077489928  AZ [deg]: 280.9281667514823  Time inside window [0,-5deg] in min: 22.20472567831166  MoonPhase: 0.04693886756896973
 time entering irf 2025/1/2 21:43:24
 time leaving irf 2025/1/2 22:05:36
2025/1/2 21:44:00  JD 2460678.4055555556  ALT [deg]:  -0.10696091581485175  AZ [deg]: 278.3452077734369  Time inside window [0,-5deg] in min: 22.204721623566  MoonPhase: 0.10236279487609863
 time entering irf 2025/1/2 21:43:24
 time leaving irf 2025/1/2 22:05:36
2025/1/2 21:45:00  JD 2460678.40625  ALT [deg]:  -0.282456763514618  AZ [deg]: 278.46626604628625  Time inside window [0,-5deg] in min: 22.20472112065181  MoonPhase: 0.10240925788879394
 time entering irf 2025/1/2 21:43:24
 time leaving irf 2025/1/2 22:05:36
2025/1/2 21:46:00  JD 2460678.4069444444  ALT [deg]:  -0.4544379919686301  AZ [deg]: 278.58748824367564  Time inside window [0,-5deg] in min: 22.204720869194716  MoonPhase: 0.10245573043823242
 time entering irf 2025/1/2 21:43:24
 time leaving irf 2025/1/2 22:05:36
2025/1/2 21:47:00  JD 2460678.407638889  ALT [deg]:  -0.6228045028869716  AZ [deg]: 278.70881972409177  Time inside window [0,-5deg] in min: 22.20472053391859  MoonPhase: 0.10250221252441406
 time entering irf 2025/1/2 21:43:24
 time leaving irf 2025/1/2 22:05:36
2025/1/2 21:48:00  JD 2460678.408333333  ALT [deg]:  -0.7874875141302664  AZ [deg]: 278.83028780829125  Time inside window [0,-5deg] in min: 22.20472024055198  MoonPhase: 0.10254870414733887
 time entering irf 2025/1/2 21:43:24
 time leaving irf 2025/1/2 22:05:36
2025/1/2 21:49:00  JD 2460678.4090277776  ALT [deg]:  -0.9485624779445019  AZ [deg]: 278.9518924962742  Time inside window [0,-5deg] in min: 22.20472024055198  MoonPhase: 0.10259520530700683
 time entering irf 2025/1/2 21:43:24
 time leaving irf 2025/1/2 22:05:36
2025/1/2 21:50:00  JD 2460678.409722222  ALT [deg]:  -1.1061507369091517  AZ [deg]: 279.07363378804047  Time inside window [0,-5deg] in min: 22.204719769069925  MoonPhase: 0.10264171600341797
 time entering irf 2025/1/2 21:43:24
 time leaving irf 2025/1/2 22:05:36
2025/1/2 21:51:00  JD 2460678.410416667  ALT [deg]:  -1.2605074626227393  AZ [deg]: 279.19553900434687  Time inside window [0,-5deg] in min: 22.20472002052702  MoonPhase: 0.10268823623657226
 time entering irf 2025/1/2 21:43:24
 time leaving irf 2025/1/2 22:05:36
2025/1/2 21:52:00  JD 2460678.4111111113  ALT [deg]:  -1.4120248573540113  AZ [deg]: 279.31760814519333  Time inside window [0,-5deg] in min: 22.204720167210326  MoonPhase: 0.10273476600646973
 time entering irf 2025/1/2 21:43:24
 time leaving irf 2025/1/2 22:05:36
2025/1/2 21:53:00  JD 2460678.4118055557  ALT [deg]:  -1.5612993887165805  AZ [deg]: 279.4398138898232  Time inside window [0,-5deg] in min: 22.204719884321094  MoonPhase: 0.10278130531311035
 time entering irf 2025/1/2 21:43:24
 time leaving irf 2025/1/2 22:05:36
2025/1/2 21:54:00  JD 2460678.4125  ALT [deg]:  -1.7091106587711802  AZ [deg]: 279.5621835589931  Time inside window [0,-5deg] in min: 22.204719276633114  MoonPhase: 0.10282785415649415
 time entering irf 2025/1/2 21:43:24
 time leaving irf 2025/1/2 22:05:36
2025/1/2 21:55:00  JD 2460678.4131944445  ALT [deg]:  -1.8565670791540565  AZ [deg]: 279.6846898319465  Time inside window [0,-5deg] in min: 22.204718281282112  MoonPhase: 0.10287442207336425
 time entering irf 2025/1/2 21:43:24
 time leaving irf 2025/1/2 22:05:36
2025/1/2 21:56:00  JD 2460678.413888889  ALT [deg]:  -2.0052082171928127  AZ [deg]: 279.8073873501966  Time inside window [0,-5deg] in min: 22.20471770502627  MoonPhase: 0.10292098999023437
 time entering irf 2025/1/2 21:43:24
 time leaving irf 2025/1/2 22:05:36
2025/1/2 21:57:00  JD 2460678.4145833333  ALT [deg]:  -2.15715580712009  AZ [deg]: 279.9302487929868  Time inside window [0,-5deg] in min: 22.204720973968506  MoonPhase: 0.10296756744384766
 time entering irf 2025/1/2 21:43:24
 time leaving irf 2025/1/2 22:05:36
2025/1/2 21:58:00  JD 2460678.4152777777  ALT [deg]:  -2.3157521593175514  AZ [deg]: 280.05330148107373  Time inside window [0,-5deg] in min: 22.204718826105818  MoonPhase: 0.10301416397094726
 time entering irf 2025/1/2 21:43:24
 time leaving irf 2025/1/2 22:05:36
2025/1/2 21:59:00  JD 2460678.415972222  ALT [deg]:  -2.486326315441688  AZ [deg]: 280.1764907729441  Time inside window [0,-5deg] in min: 22.204717956483364  MoonPhase: 0.10306076049804687
 time entering irf 2025/1/2 21:43:24
 time leaving irf 2025/1/2 22:05:36
2025/1/2 22:00:00  JD 2460678.4166666665  ALT [deg]:  -2.678708411812029  AZ [deg]: 280.29989863086786  Time inside window [0,-5deg] in min: 22.204722011229023  MoonPhase: 0.10310736656188965
 time entering irf 2025/1/2 21:43:24
 time leaving irf 2025/1/2 22:05:36
2025/1/2 22:01:00  JD 2460678.417361111  ALT [deg]:  -2.914452817901842  AZ [deg]: 280.42347041333176  Time inside window [0,-5deg] in min: 22.204722797032446  MoonPhase: 0.10315399169921875
 time entering irf 2025/1/2 21:43:24
 time leaving irf 2025/1/2 22:05:36
2025/1/2 22:02:00  JD 2460678.418055556  ALT [deg]:  -3.2556034780276426  AZ [deg]: 280.5472061203357  Time inside window [0,-5deg] in min: 22.20472194836475  MoonPhase: 0.10320061683654785
 time entering irf 2025/1/2 21:43:24
 time leaving irf 2025/1/2 22:05:36
2025/1/2 22:03:00  JD 2460678.41875  ALT [deg]:  -3.8468201702723035  AZ [deg]: 280.6711603933931  Time inside window [0,-5deg] in min: 22.204721895977855  MoonPhase: 0.10324726104736329
 time entering irf 2025/1/2 21:43:24
 time leaving irf 2025/1/2 22:05:36
2025/1/2 22:04:00  JD 2460678.4194444446  ALT [deg]:  -4.400195693524389  AZ [deg]: 280.7953059117472  Time inside window [0,-5deg] in min: 22.204722021706402  MoonPhase: 0.10329391479492188
 time entering irf 2025/1/2 21:43:24
 time leaving irf 2025/1/2 22:05:36
2025/1/2 22:05:00  JD 2460678.420138889  ALT [deg]:  -4.796493514452284  AZ [deg]: 280.91964267539817  Time inside window [0,-5deg] in min: 22.204722126480192  MoonPhase: 0.10334056854248047
 time entering irf 2025/1/3 21:39:28
 time leaving irf 2025/1/3 22:01:40
2025/1/3 21:40:00  JD 2460679.402777778  ALT [deg]:  -0.09490154315442649  AZ [deg]: 278.3369295841629  Time inside window [0,-5deg] in min: 22.204717872664332  MoonPhase: 0.17875844955444337
 time entering irf 2025/1/3 21:39:28
 time leaving irf 2025/1/3 22:01:40
2025/1/3 21:41:00  JD 2460679.4034722224  ALT [deg]:  -0.2706315449467839  AZ [deg]: 278.4579878570122  Time inside window [0,-5deg] in min: 22.20471790409647  MoonPhase: 0.17881799697875977
 time entering irf 2025/1/3 21:39:28
 time leaving irf 2025/1/3 22:01:40
2025/1/3 21:42:00  JD 2460679.404166667  ALT [deg]:  -0.4428556186423016  AZ [deg]: 278.5791827336449  Time inside window [0,-5deg] in min: 22.204716720152646  MoonPhase: 0.17887754440307618
 time entering irf 2025/1/3 21:39:28
 time leaving irf 2025/1/3 22:01:40
2025/1/3 21:43:00  JD 2460679.404861111  ALT [deg]:  -0.6114699640418941  AZ [deg]: 278.70048689330434  Time inside window [0,-5deg] in min: 22.204717348795384  MoonPhase: 0.1789371109008789
 time entering irf 2025/1/3 21:39:28
 time leaving irf 2025/1/3 22:01:40
2025/1/3 21:44:00  JD 2460679.4055555556  ALT [deg]:  -0.7764025439941588  AZ [deg]: 278.8219549775038  Time inside window [0,-5deg] in min: 22.20471718115732  MoonPhase: 0.17899665832519532
 time entering irf 2025/1/3 21:39:28
 time leaving irf 2025/1/3 22:01:40
2025/1/3 21:45:00  JD 2460679.40625  ALT [deg]:  -0.9377207265758702  AZ [deg]: 278.94355966548676  Time inside window [0,-5deg] in min: 22.20471730688587  MoonPhase: 0.17905624389648436
 time entering irf 2025/1/3 21:39:28
 time leaving irf 2025/1/3 22:01:40
2025/1/3 21:46:00  JD 2460679.4069444444  ALT [deg]:  -1.0955396111467137  AZ [deg]: 279.06530095725304  Time inside window [0,-5deg] in min: 22.204717107815668  MoonPhase: 0.17911582946777344
 time entering irf 2025/1/3 21:39:28
 time leaving irf 2025/1/3 22:01:40
2025/1/3 21:47:00  JD 2460679.407638889  ALT [deg]:  -1.2501051912385157  AZ [deg]: 279.18720617355945  Time inside window [0,-5deg] in min: 22.204716154374182  MoonPhase: 0.1791754150390625
 time entering irf 2025/1/3 21:39:28
 time leaving irf 2025/1/3 22:01:40
2025/1/3 21:48:00  JD 2460679.408333333  ALT [deg]:  -1.4018018784355006  AZ [deg]: 279.30924799364925  Time inside window [0,-5deg] in min: 22.204715609550476  MoonPhase: 0.17923500061035155
 time entering irf 2025/1/3 21:39:28
 time leaving irf 2025/1/3 22:01:40
2025/1/3 21:49:00  JD 2460679.4090277776  ALT [deg]:  -1.551204689288419  AZ [deg]: 279.4314264175224  Time inside window [0,-5deg] in min: 22.204715389525518  MoonPhase: 0.17929460525512694
 time entering irf 2025/1/3 21:39:28
 time leaving irf 2025/1/3 22:01:40
2025/1/3 21:50:00  JD 2460679.409722222  ALT [deg]:  -1.6990833007393669  AZ [deg]: 279.5537960866924  Time inside window [0,-5deg] in min: 22.204715284751728  MoonPhase: 0.17935422897338868
 time entering irf 2025/1/3 21:39:28
 time leaving irf 2025/1/3 22:01:40
2025/1/3 21:51:00  JD 2460679.410416667  ALT [deg]:  -1.846522218762495  AZ [deg]: 279.6763023596457  Time inside window [0,-5deg] in min: 22.20471505424939  MoonPhase: 0.1794138526916504
 time entering irf 2025/1/3 21:39:28
 time leaving irf 2025/1/3 22:01:40
2025/1/3 21:52:00  JD 2460679.4111111113  ALT [deg]:  -1.9950192824984463  AZ [deg]: 279.7989998778958  Time inside window [0,-5deg] in min: 22.204715295229107  MoonPhase: 0.1794734764099121
 time entering irf 2025/1/3 21:39:28
 time leaving irf 2025/1/3 22:01:40
2025/1/3 21:53:00  JD 2460679.4118055557  ALT [deg]:  -2.1466567391487223  AZ [deg]: 279.92183399992933  Time inside window [0,-5deg] in min: 22.20471729640849  MoonPhase: 0.17953311920166015
 time entering irf 2025/1/3 21:39:28
 time leaving irf 2025/1/3 22:01:40
2025/1/3 21:54:00  JD 2460679.4125  ALT [deg]:  -2.3046637740868587  AZ [deg]: 280.0448593672596  Time inside window [0,-5deg] in min: 22.204715609550476  MoonPhase: 0.1795927619934082
 time entering irf 2025/1/3 21:39:28
 time leaving irf 2025/1/3 22:01:40
2025/1/3 21:55:00  JD 2460679.4131944445  ALT [deg]:  -2.4741839466446978  AZ [deg]: 280.16804865912997  Time inside window [0,-5deg] in min: 22.204714519903064  MoonPhase: 0.17965242385864258
 time entering irf 2025/1/3 21:39:28
 time leaving irf 2025/1/3 22:01:40
2025/1/3 21:56:00  JD 2460679.413888889  ALT [deg]:  -2.6646042846193643  AZ [deg]: 280.2914291962971  Time inside window [0,-5deg] in min: 22.20471872133203  MoonPhase: 0.17971208572387695
 time entering irf 2025/1/3 21:39:28
 time leaving irf 2025/1/3 22:01:40
2025/1/3 21:57:00  JD 2460679.4145833333  ALT [deg]:  -2.8962179203652005  AZ [deg]: 280.41500097876093  Time inside window [0,-5deg] in min: 22.204719035653397  MoonPhase: 0.17977174758911132
 time entering irf 2025/1/3 21:39:28
 time leaving irf 2025/1/3 22:01:40
2025/1/3 21:58:00  JD 2460679.4152777777  ALT [deg]:  -3.2261726197808804  AZ [deg]: 280.5387366857649  Time inside window [0,-5deg] in min: 22.204718941356987  MoonPhase: 0.17983142852783204
 time entering irf 2025/1/3 21:39:28
 time leaving irf 2025/1/3 22:01:40
2025/1/3 21:59:00  JD 2460679.415972222  ALT [deg]:  -3.801411365122766  AZ [deg]: 280.6626636380656  Time inside window [0,-5deg] in min: 22.204718281282112  MoonPhase: 0.17989112854003905
 time entering irf 2025/1/3 21:39:28
 time leaving irf 2025/1/3 22:01:40
2025/1/3 22:00:00  JD 2460679.4166666665  ALT [deg]:  -4.369018014397397  AZ [deg]: 280.78680915641974  Time inside window [0,-5deg] in min: 22.204718763241544  MoonPhase: 0.17995080947875977
 time entering irf 2025/1/3 21:39:28
 time leaving irf 2025/1/3 22:01:40
2025/1/3 22:01:00  JD 2460679.417361111  ALT [deg]:  -4.772301838185745  AZ [deg]: 280.91111859931397  Time inside window [0,-5deg] in min: 22.204718480352312  MoonPhase: 0.18001052856445313
 time entering irf 2025/1/4 21:35:32
 time leaving irf 2025/1/4 21:57:44
2025/1/4 21:36:00  JD 2460680.4  ALT [deg]:  -0.08282541518619355  AZ [deg]: 278.3286513948888  Time inside window [0,-5deg] in min: 22.204714477993548  MoonPhase: 0.27197587966918946
 time entering irf 2025/1/4 21:35:32
 time leaving irf 2025/1/4 21:57:44
2025/1/4 21:37:00  JD 2460680.4006944443  ALT [deg]:  -0.25878893074090736  AZ [deg]: 278.4496823469815  Time inside window [0,-5deg] in min: 22.204714436084032  MoonPhase: 0.2720456314086914
 time entering irf 2025/1/4 21:35:32
 time leaving irf 2025/1/4 21:57:44
2025/1/4 21:38:00  JD 2460680.4013888887  ALT [deg]:  -0.43125534274982835  AZ [deg]: 278.57087722361416  Time inside window [0,-5deg] in min: 22.2047145513352  MoonPhase: 0.2721154022216797
 time entering irf 2025/1/4 21:35:32
 time leaving irf 2025/1/4 21:57:44
2025/1/4 21:39:00  JD 2460680.402083333  ALT [deg]:  -0.6001173892285395  AZ [deg]: 278.6921813832736  Time inside window [0,-5deg] in min: 22.20471343025565  MoonPhase: 0.27218515396118165
 time entering irf 2025/1/4 21:35:32
 time leaving irf 2025/1/4 21:57:44
2025/1/4 21:40:00  JD 2460680.402777778  ALT [deg]:  -0.7652996446114799  AZ [deg]: 278.8136494674731  Time inside window [0,-5deg] in min: 22.20471333595924  MoonPhase: 0.27225494384765625
 time entering irf 2025/1/4 21:35:32
 time leaving irf 2025/1/4 21:57:44
2025/1/4 21:41:00  JD 2460680.4034722224  ALT [deg]:  -0.926861686290902  AZ [deg]: 278.93522683469934  Time inside window [0,-5deg] in min: 22.204713304527104  MoonPhase: 0.2723247146606445
 time entering irf 2025/1/4 21:35:32
 time leaving irf 2025/1/4 21:57:44
2025/1/4 21:42:00  JD 2460680.404166667  ALT [deg]:  -1.084912263684997  AZ [deg]: 279.0569681264656  Time inside window [0,-5deg] in min: 22.20471365028061  MoonPhase: 0.27239450454711917
 time entering irf 2025/1/4 21:35:32
 time leaving irf 2025/1/4 21:57:44
2025/1/4 21:43:00  JD 2460680.404861111  ALT [deg]:  -1.2396886191457173  AZ [deg]: 279.17884602201536  Time inside window [0,-5deg] in min: 22.20471231965348  MoonPhase: 0.27246429443359377
 time entering irf 2025/1/4 21:35:32
 time leaving irf 2025/1/4 21:57:44
2025/1/4 21:44:00  JD 2460680.4055555556  ALT [deg]:  -1.3915671601293538  AZ [deg]: 279.3008878421051  Time inside window [0,-5deg] in min: 22.20471312641166  MoonPhase: 0.27253408432006837
 time entering irf 2025/1/4 21:35:32
 time leaving irf 2025/1/4 21:57:44
2025/1/4 21:45:00  JD 2460680.40625  ALT [deg]:  -1.5411018790106181  AZ [deg]: 279.4230662659783  Time inside window [0,-5deg] in min: 22.204712392995134  MoonPhase: 0.2726038932800293
 time entering irf 2025/1/4 21:35:32
 time leaving irf 2025/1/4 21:57:44
2025/1/4 21:46:00  JD 2460680.4069444444  ALT [deg]:  -1.6890525276129684  AZ [deg]: 279.5454086143916  Time inside window [0,-5deg] in min: 22.204711869126186  MoonPhase: 0.2726736831665039
 time entering irf 2025/1/4 21:35:32
 time leaving irf 2025/1/4 21:57:44
2025/1/4 21:47:00  JD 2460680.407638889  ALT [deg]:  -1.8364807734655184  AZ [deg]: 279.6679148873449  Time inside window [0,-5deg] in min: 22.20471181673929  MoonPhase: 0.27274351119995116
 time entering irf 2025/1/4 21:35:32
 time leaving irf 2025/1/4 21:57:44
2025/1/4 21:48:00  JD 2460680.408333333  ALT [deg]:  -1.9848446485126545  AZ [deg]: 279.79058508483837  Time inside window [0,-5deg] in min: 22.20468591665849  MoonPhase: 0.2728133201599121
 time entering irf 2025/1/4 21:35:32
 time leaving irf 2025/1/4 21:57:44
2025/1/4 21:49:00  JD 2460680.4090277776  ALT [deg]:  -2.136185205377447  AZ [deg]: 279.9134192068719  Time inside window [0,-5deg] in min: 22.20471424749121  MoonPhase: 0.27288314819335935
 time entering irf 2025/1/4 21:35:32
 time leaving irf 2025/1/4 21:57:44
2025/1/4 21:50:00  JD 2460680.409722222  ALT [deg]:  -2.293626188388118  AZ [deg]: 280.03644457420216  Time inside window [0,-5deg] in min: 22.204712770180777  MoonPhase: 0.27295297622680664
 time entering irf 2025/1/4 21:35:32
 time leaving irf 2025/1/4 21:57:44
2025/1/4 21:51:00  JD 2460680.410416667  ALT [deg]:  -2.4621521415348973  AZ [deg]: 280.1596338660725  Time inside window [0,-5deg] in min: 22.204712089151144  MoonPhase: 0.2730228233337402
 time entering irf 2025/1/4 21:35:32
 time leaving irf 2025/1/4 21:57:44
2025/1/4 21:52:00  JD 2460680.4111111113  ALT [deg]:  -2.6506781692319428  AZ [deg]: 280.2829870824829  Time inside window [0,-5deg] in min: 22.20471628010273  MoonPhase: 0.2730926704406738
 time entering irf 2025/1/4 21:35:32
 time leaving irf 2025/1/4 21:57:44
2025/1/4 21:53:00  JD 2460680.4118055557  ALT [deg]:  -2.878358896676321  AZ [deg]: 280.4065315441901  Time inside window [0,-5deg] in min: 22.204714991385117  MoonPhase: 0.2731625175476074
 time entering irf 2025/1/4 21:35:32
 time leaving irf 2025/1/4 21:57:44
2025/1/4 21:54:00  JD 2460680.4125  ALT [deg]:  -3.1979650057257856  AZ [deg]: 280.53026725119406  Time inside window [0,-5deg] in min: 22.204715829575434  MoonPhase: 0.27323236465454104
 time entering irf 2025/1/4 21:35:32
 time leaving irf 2025/1/4 21:57:44
2025/1/4 21:55:00  JD 2460680.4131944445  ALT [deg]:  -3.7555906141889124  AZ [deg]: 280.6541942034948  Time inside window [0,-5deg] in min: 22.204715546686202  MoonPhase: 0.2733022308349609
 time entering irf 2025/1/4 21:35:32
 time leaving irf 2025/1/4 21:57:44
2025/1/4 21:56:00  JD 2460680.413888889  ALT [deg]:  -4.337091148895818  AZ [deg]: 280.77831240109225  Time inside window [0,-5deg] in min: 22.204715096158907  MoonPhase: 0.27337209701538084
 time entering irf 2025/1/4 21:35:32
 time leaving irf 2025/1/4 21:57:44
2025/1/4 21:57:00  JD 2460680.4145833333  ALT [deg]:  -4.747795119443739  AZ [deg]: 280.9026218439865  Time inside window [0,-5deg] in min: 22.204715305706486  MoonPhase: 0.2734419631958008
 time entering irf 2025/1/5 21:31:36
 time leaving irf 2025/1/5 21:53:49
2025/1/5 21:32:00  JD 2460681.3972222223  ALT [deg]:  -0.07073112451765791  AZ [deg]: 278.3203458848581  Time inside window [0,-5deg] in min: 22.204710779478773  MoonPhase: 0.3773794174194336
 time entering irf 2025/1/5 21:31:36
 time leaving irf 2025/1/5 21:53:49
2025/1/5 21:33:00  JD 2460681.3979166667  ALT [deg]:  -0.2469274801539604  AZ [deg]: 278.44140415770744  Time inside window [0,-5deg] in min: 22.204710360383615  MoonPhase: 0.37745582580566406
 time entering irf 2025/1/5 21:31:36
 time leaving irf 2025/1/5 21:53:49
2025/1/5 21:34:00  JD 2460681.398611111  ALT [deg]:  -0.4196358035894615  AZ [deg]: 278.56257171358345  Time inside window [0,-5deg] in min: 22.204711376689374  MoonPhase: 0.3775322723388672
 time entering irf 2025/1/5 21:31:36
 time leaving irf 2025/1/5 21:53:49
2025/1/5 21:35:00  JD 2460681.3993055555  ALT [deg]:  -0.5887453377038799  AZ [deg]: 278.68387587324287  Time inside window [0,-5deg] in min: 22.204710391815752  MoonPhase: 0.3776086807250977
 time entering irf 2025/1/5 21:31:36
 time leaving irf 2025/1/5 21:53:49
2025/1/5 21:36:00  JD 2460681.4  ALT [deg]:  -0.7541774286000547  AZ [deg]: 278.8053166366857  Time inside window [0,-5deg] in min: 22.20470980508253  MoonPhase: 0.3776851272583008
 time entering irf 2025/1/5 21:31:36
 time leaving irf 2025/1/5 21:53:49
2025/1/5 21:37:00  JD 2460681.4006944443  ALT [deg]:  -0.915983969707422  AZ [deg]: 278.9268940039119  Time inside window [0,-5deg] in min: 22.204710056539625  MoonPhase: 0.37776153564453124
 time entering irf 2025/1/5 21:31:36
 time leaving irf 2025/1/5 21:53:49
2025/1/5 21:38:00  JD 2460681.4013888887  ALT [deg]:  -1.0742673071418265  AZ [deg]: 279.04863529567825  Time inside window [0,-5deg] in min: 22.20470979460515  MoonPhase: 0.3778379821777344
 time entering irf 2025/1/5 21:31:36
 time leaving irf 2025/1/5 21:53:49
2025/1/5 21:39:00  JD 2460681.402083333  ALT [deg]:  -1.2292562522404633  AZ [deg]: 279.17051319122794  Time inside window [0,-5deg] in min: 22.204710548976436  MoonPhase: 0.37791439056396486
 time entering irf 2025/1/5 21:31:36
 time leaving irf 2025/1/5 21:53:49
2025/1/5 21:40:00  JD 2460681.402777778  ALT [deg]:  -1.3813194217751017  AZ [deg]: 279.29252769056103  Time inside window [0,-5deg] in min: 22.204708935460076  MoonPhase: 0.37799083709716796
 time entering irf 2025/1/5 21:31:36
 time leaving irf 2025/1/5 21:53:49
2025/1/5 21:41:00  JD 2460681.4034722224  ALT [deg]:  -1.5309893570575912  AZ [deg]: 279.41470611443424  Time inside window [0,-5deg] in min: 22.204709951765835  MoonPhase: 0.3780672836303711
 time entering irf 2025/1/5 21:31:36
 time leaving irf 2025/1/5 21:53:49
2025/1/5 21:42:00  JD 2460681.404166667  ALT [deg]:  -1.6790166318446924  AZ [deg]: 279.5370211420908  Time inside window [0,-5deg] in min: 22.20470877829939  MoonPhase: 0.3781437301635742
 time entering irf 2025/1/5 21:31:36
 time leaving irf 2025/1/5 21:53:49
2025/1/5 21:43:00  JD 2460681.404861111  ALT [deg]:  -1.8264414626026575  AZ [deg]: 279.6595274150442  Time inside window [0,-5deg] in min: 22.204708463978022  MoonPhase: 0.3782201766967773
 time entering irf 2025/1/5 21:31:36
 time leaving irf 2025/1/5 21:53:49
2025/1/5 21:44:00  JD 2460681.4055555556  ALT [deg]:  -1.9746821808013217  AZ [deg]: 279.7821976125376  Time inside window [0,-5deg] in min: 22.204683580202982  MoonPhase: 0.3782966232299805
 time entering irf 2025/1/5 21:31:36
 time leaving irf 2025/1/5 21:53:49
2025/1/5 21:45:00  JD 2460681.40625  ALT [deg]:  -2.1257388579287353  AZ [deg]: 279.9050044138144  Time inside window [0,-5deg] in min: 22.20471152337268  MoonPhase: 0.3783730697631836
 time entering irf 2025/1/5 21:31:36
 time leaving irf 2025/1/5 21:53:49
2025/1/5 21:46:00  JD 2460681.4069444444  ALT [deg]:  -2.282635773683333  AZ [deg]: 280.028002460388  Time inside window [0,-5deg] in min: 22.204710025107488  MoonPhase: 0.37844955444335937
 time entering irf 2025/1/5 21:31:36
 time leaving irf 2025/1/5 21:53:49
2025/1/5 21:47:00  JD 2460681.407638889  ALT [deg]:  -2.4501837291183306  AZ [deg]: 280.15119175225834  Time inside window [0,-5deg] in min: 22.204708422068506  MoonPhase: 0.3785260009765625
 time entering irf 2025/1/5 21:31:36
 time leaving irf 2025/1/5 21:53:49
2025/1/5 21:48:00  JD 2460681.408333333  ALT [deg]:  -2.6369200338094214  AZ [deg]: 280.2745449686688  Time inside window [0,-5deg] in min: 22.204712780658156  MoonPhase: 0.3786024475097656
 time entering irf 2025/1/5 21:31:36
 time leaving irf 2025/1/5 21:53:49
2025/1/5 21:49:00  JD 2460681.4090277776  ALT [deg]:  -2.8609015734880034  AZ [deg]: 280.39806210961933  Time inside window [0,-5deg] in min: 22.20471305307001  MoonPhase: 0.3786789321899414
 time entering irf 2025/1/5 21:31:36
 time leaving irf 2025/1/5 21:53:49
2025/1/5 21:50:00  JD 2460681.409722222  ALT [deg]:  -3.1708865073178587  AZ [deg]: 280.52179781662323  Time inside window [0,-5deg] in min: 22.204712497768924  MoonPhase: 0.3787554168701172
 time entering irf 2025/1/5 21:31:36
 time leaving irf 2025/1/5 21:53:49
2025/1/5 21:51:00  JD 2460681.410416667  ALT [deg]:  -3.709678082588087  AZ [deg]: 280.6456974481673  Time inside window [0,-5deg] in min: 22.20471222535707  MoonPhase: 0.3788318634033203
 time entering irf 2025/1/5 21:31:36
 time leaving irf 2025/1/5 21:53:49
2025/1/5 21:52:00  JD 2460681.4111111113  ALT [deg]:  -4.304362163053587  AZ [deg]: 280.76978832500805  Time inside window [0,-5deg] in min: 22.204712592065334  MoonPhase: 0.3789083480834961
 time entering irf 2025/1/5 21:31:36
 time leaving irf 2025/1/5 21:53:49
2025/1/5 21:53:00  JD 2460681.4118055557  ALT [deg]:  -4.722953721432403  AZ [deg]: 280.89409776790234  Time inside window [0,-5deg] in min: 22.20471263397485  MoonPhase: 0.3789848327636719
***************************  Source ID 10 ***************************
